<?xml version="1.0" encoding="utf-8"?><testsuites name="pytest tests"><testsuite name="pytest" errors="0" failures="0" skipped="0" tests="9" time="16.138" timestamp="2026-04-03T00:50:59.338237+00:00" hostname="agent-env-3cda8171-1520-4884-a880-5f50f7f1a0bb"><testcase classname="backend.tests.test_titel_discount.TestTitelAndDiscountFeatures" name="test_create_quote_with_titel_positions" time="1.631" /><testcase classname="backend.tests.test_titel_discount.TestTitelAndDiscountFeatures" name="test_create_quote_with_discount_percent" time="1.630" /><testcase classname="backend.tests.test_titel_discount.TestTitelAndDiscountFeatures" name="test_create_quote_with_titel_and_discount" time="1.607" /><testcase classname="backend.tests.test_titel_discount.TestTitelAndDiscountFeatures" name="test_update_quote_with_discount" time="1.941" /><testcase classname="backend.tests.test_titel_discount.TestTitelAndDiscountFeatures" name="test_get_quote_preserves_titel_and_discount" time="1.974" /><testcase classname="backend.tests.test_titel_discount.TestTitelAndDiscountFeatures" name="test_betreff_field_saved" time="1.993" /><testcase classname="backend.tests.test_titel_discount.TestOrdersWithTitelAndDiscount" name="test_order_update_with_discount" time="2.390" /><testcase classname="backend.tests.test_titel_discount.TestInvoicesWithTitelAndDiscount" name="test_create_invoice_with_titel_and_discount" time="1.317" /><testcase classname="backend.tests.test_titel_discount.TestInvoicesWithTitelAndDiscount" name="test_update_invoice_with_discount" time="1.583" /></testsuite></testsuites>