<?xml version="1.0" encoding="utf-8"?><testsuites name="pytest tests"><testsuite name="pytest" errors="0" failures="0" skipped="0" tests="16" time="6.346" timestamp="2026-04-07T07:13:24.414828+00:00" hostname="agent-env-457d5ee8-a354-43df-8dc7-767a6a49d46d"><testcase classname="tests.test_rbac.TestAuthLogin" name="test_admin_login_success" time="0.476" /><testcase classname="tests.test_rbac.TestAuthLogin" name="test_buchhaltung_login_success" time="0.329" /><testcase classname="tests.test_rbac.TestAuthLogin" name="test_invalid_login_fails" time="0.082" /><testcase classname="tests.test_rbac.TestAuthMe" name="test_auth_me_admin" time="0.513" /><testcase classname="tests.test_rbac.TestAuthMe" name="test_auth_me_buchhaltung" time="0.412" /><testcase classname="tests.test_rbac.TestBuchhaltungAccess" name="test_buchhaltung_can_access_customers" time="0.385" /><testcase classname="tests.test_rbac.TestBuchhaltungAccess" name="test_buchhaltung_can_access_orders" time="0.429" /><testcase classname="tests.test_rbac.TestBuchhaltungAccess" name="test_buchhaltung_can_access_invoices" time="0.393" /><testcase classname="tests.test_rbac.TestBuchhaltungAccess" name="test_buchhaltung_can_access_buchhaltung" time="0.389" /><testcase classname="tests.test_rbac.TestBuchhaltungAccess" name="test_buchhaltung_can_access_overdue_invoices" time="0.410" /><testcase classname="tests.test_rbac.TestAdminFullAccess" name="test_admin_can_access_dashboard_data" time="0.407" /><testcase classname="tests.test_rbac.TestAdminFullAccess" name="test_admin_can_access_anfragen" time="0.415" /><testcase classname="tests.test_rbac.TestAdminFullAccess" name="test_admin_can_access_quotes" time="0.412" /><testcase classname="tests.test_rbac.TestAdminFullAccess" name="test_admin_can_access_articles" time="0.436" /><testcase classname="tests.test_rbac.TestAdminFullAccess" name="test_admin_can_access_settings" time="0.415" /><testcase classname="tests.test_rbac.TestAdminFullAccess" name="test_admin_can_access_users" time="0.379" /></testsuite></testsuites>