<?xml version="1.0" encoding="utf-8"?><testsuites name="pytest tests"><testsuite name="pytest" errors="0" failures="0" skipped="0" tests="10" time="5.218" timestamp="2026-04-08T04:47:21.179308+00:00" hostname="agent-env-c1d69571-c84c-41ee-91dc-c86226762d58"><testcase classname="backend.tests.test_lexware_import.TestLexwareImport" name="test_parse_endpoint_requires_auth" time="0.564" /><testcase classname="backend.tests.test_lexware_import.TestLexwareImport" name="test_parse_endpoint_requires_admin" time="0.809" /><testcase classname="backend.tests.test_lexware_import.TestLexwareImport" name="test_parse_endpoint_with_valid_zip" time="0.471" /><testcase classname="backend.tests.test_lexware_import.TestLexwareImport" name="test_parse_returns_matched_employees" time="0.442" /><testcase classname="backend.tests.test_lexware_import.TestLexwareImport" name="test_execute_endpoint_requires_auth" time="0.380" /><testcase classname="backend.tests.test_lexware_import.TestLexwareImport" name="test_execute_endpoint_requires_admin" time="0.715" /><testcase classname="backend.tests.test_lexware_import.TestMitarbeiterWithLexwareData" name="test_mitarbeiter_list_has_imported_employees" time="0.385" /><testcase classname="backend.tests.test_lexware_import.TestMitarbeiterWithLexwareData" name="test_thorsten_has_imported_stammdaten" time="0.422" /><testcase classname="backend.tests.test_lexware_import.TestMitarbeiterWithLexwareData" name="test_thorsten_has_lohnhistorie_entry" time="0.471" /><testcase classname="backend.tests.test_lexware_import.TestMitarbeiterWithLexwareData" name="test_thorsten_has_imported_dokument" time="0.495" /></testsuite></testsuites>