<?xml version="1.0" encoding="utf-8"?><testsuites name="pytest tests"><testsuite name="pytest" errors="0" failures="0" skipped="0" tests="16" time="4.326" timestamp="2026-04-01T05:53:44.196595+00:00" hostname="agent-env-79157ddc-c8c7-4abe-b22e-00e47a5cb50e"><testcase classname="backend.tests.test_new_features_v10.TestAuth" name="test_login_success" time="0.560" /><testcase classname="backend.tests.test_new_features_v10.TestStatsOverview" name="test_overview_anfragen_view" time="0.396" /><testcase classname="backend.tests.test_new_features_v10.TestStatsOverview" name="test_overview_kunden_view" time="0.085" /><testcase classname="backend.tests.test_new_features_v10.TestStatsOverview" name="test_overview_leistungen_view" time="0.077" /><testcase classname="backend.tests.test_new_features_v10.TestStatsOverview" name="test_overview_requires_auth" time="0.101" /><testcase classname="backend.tests.test_new_features_v10.TestQuoteFollowup" name="test_get_followup_quotes" time="0.374" /><testcase classname="backend.tests.test_new_features_v10.TestQuoteFollowup" name="test_check_followup_quotes" time="0.214" /><testcase classname="backend.tests.test_new_features_v10.TestQuoteFollowup" name="test_followup_requires_auth" time="0.167" /><testcase classname="backend.tests.test_new_features_v10.TestEmailFollowup" name="test_email_followup_nonexistent_quote" time="0.380" /><testcase classname="backend.tests.test_new_features_v10.TestEmailFollowup" name="test_email_followup_requires_auth" time="0.111" /><testcase classname="backend.tests.test_new_features_v10.TestCustomerStatus" name="test_customer_has_status_field" time="0.420" /><testcase classname="backend.tests.test_new_features_v10.TestCustomerStatus" name="test_create_customer_with_status" time="0.172" /><testcase classname="backend.tests.test_new_features_v10.TestCustomerStatus" name="test_update_customer_status" time="0.321" /><testcase classname="backend.tests.test_new_features_v10.TestCompanySettings" name="test_settings_has_new_fields" time="0.396" /><testcase classname="backend.tests.test_new_features_v10.TestCompanySettings" name="test_update_fahrtkosten_settings" time="0.233" /><testcase classname="backend.tests.test_new_features_v10.TestCompanySettings" name="test_update_zahlungsziele_settings" time="0.253" /></testsuite></testsuites>