<?xml version="1.0" encoding="utf-8"?><testsuites name="pytest tests"><testsuite name="pytest" errors="0" failures="0" skipped="0" tests="16" time="4.737" timestamp="2026-04-05T16:58:35.500892+00:00" hostname="agent-env-457d5ee8-a354-43df-8dc7-767a6a49d46d"><testcase classname="backend.tests.test_new_features_v19.TestAuth" name="test_login_success" time="0.376" /><testcase classname="backend.tests.test_new_features_v19.TestEinsatzConfig" name="test_get_einsatz_config" time="0.515" /><testcase classname="backend.tests.test_new_features_v19.TestEinsatzConfig" name="test_update_einsatz_config_with_vorlagen" time="0.243" /><testcase classname="backend.tests.test_new_features_v19.TestEinsaetze" name="test_list_einsaetze" time="0.408" /><testcase classname="backend.tests.test_new_features_v19.TestEinsaetze" name="test_get_einsatz_ics" time="0.160" /><testcase classname="backend.tests.test_new_features_v19.TestEinsaetze" name="test_send_einsatz_email_endpoint_exists" time="0.089" /><testcase classname="backend.tests.test_new_features_v19.TestEinsaetze" name="test_cleanup_test_einsatz" time="0.075" /><testcase classname="backend.tests.test_new_features_v19.TestIMAPEndpoints" name="test_imap_test_endpoint_exists" time="0.427" /><testcase classname="backend.tests.test_new_features_v19.TestIMAPEndpoints" name="test_imap_test_missing_fields" time="0.073" /><testcase classname="backend.tests.test_new_features_v19.TestIMAPEndpoints" name="test_imap_fetch_endpoint_exists" time="0.088" /><testcase classname="backend.tests.test_new_features_v19.TestAnfragenReparaturgruppe" name="test_anfragen_list_includes_reparaturgruppe" time="0.381" /><testcase classname="backend.tests.test_new_features_v19.TestAnfragenReparaturgruppe" name="test_update_anfrage_reparaturgruppe" time="0.252" /><testcase classname="backend.tests.test_new_features_v19.TestCustomerPortalEinsatzData" name="test_portal_verify_returns_einsatz_data" time="0.704" /><testcase classname="backend.tests.test_new_features_v19.TestCustomerPortalEinsatzData" name="test_cleanup_portal_test_data" time="0.246" /><testcase classname="backend.tests.test_new_features_v19.TestSettingsIMAPFields" name="test_settings_include_imap_fields" time="0.381" /><testcase classname="backend.tests.test_new_features_v19.TestSettingsIMAPFields" name="test_settings_can_save_imap_config" time="0.243" /></testsuite></testsuites>