<?xml version="1.0" encoding="utf-8"?><testsuites name="pytest tests"><testsuite name="pytest" errors="0" failures="0" skipped="0" tests="8" time="3.813" timestamp="2026-04-05T20:57:00.368727+00:00" hostname="agent-env-457d5ee8-a354-43df-8dc7-767a6a49d46d"><testcase classname="backend.tests.test_kalkulation_historie.TestKalkulationHistorieEndpoints" name="test_post_kalkulation_saves_entry" time="0.249" /><testcase classname="backend.tests.test_kalkulation_historie.TestKalkulationHistorieEndpoints" name="test_get_kalkulation_historie_returns_entries" time="0.336" /><testcase classname="backend.tests.test_kalkulation_historie.TestKalkulationHistorieEndpoints" name="test_get_kalkulation_historie_max_20_entries" time="2.321" /><testcase classname="backend.tests.test_kalkulation_historie.TestKalkulationHistorieEndpoints" name="test_get_latest_kalkulation_returns_most_recent" time="0.342" /><testcase classname="backend.tests.test_kalkulation_historie.TestKalkulationHistorieEndpoints" name="test_get_latest_kalkulation_empty_for_new_article" time="0.075" /><testcase classname="backend.tests.test_kalkulation_historie.TestKalkulationHistorieEndpoints" name="test_get_kalkulation_historie_empty_for_new_article" time="0.092" /><testcase classname="backend.tests.test_kalkulation_historie.TestKalkulationHistorieEndpoints" name="test_kalkulation_entry_has_all_fields" time="0.180" /><testcase classname="backend.tests.test_kalkulation_historie.TestKalkulationHistorieWithExistingArticle" name="test_existing_article_has_history" time="0.169" /></testsuite></testsuites>