<?xml version="1.0" encoding="utf-8"?><testsuites name="pytest tests"><testsuite name="pytest" errors="0" failures="0" skipped="0" tests="24" time="6.302" timestamp="2026-04-26T21:28:14.632882+00:00" hostname="agent-env-7452faa1-e76d-4461-8056-a845ce7ab76e"><testcase classname="backend.tests.test_module_termine.TestMeta" name="test_meta" time="0.674" /><testcase classname="backend.tests.test_module_termine.TestCRUD" name="test_create_minimal" time="0.113" /><testcase classname="backend.tests.test_module_termine.TestCRUD" name="test_get_after_create" time="0.116" /><testcase classname="backend.tests.test_module_termine.TestCRUD" name="test_list_returns_created" time="0.110" /><testcase classname="backend.tests.test_module_termine.TestCRUD" name="test_list_filter_status" time="0.116" /><testcase classname="backend.tests.test_module_termine.TestCRUD" name="test_wartet_auf_go_endpoint" time="0.106" /><testcase classname="backend.tests.test_module_termine.TestCRUD" name="test_put_update_titel" time="0.116" /><testcase classname="backend.tests.test_module_termine.TestCRUD" name="test_put_titel_empty_rejected" time="0.104" /><testcase classname="backend.tests.test_module_termine.TestWorkflow" name="test_go_from_wartet" time="0.151" /><testcase classname="backend.tests.test_module_termine.TestWorkflow" name="test_mark_im_kalender_from_bestaetigt" time="0.133" /><testcase classname="backend.tests.test_module_termine.TestWorkflow" name="test_go_rejected_from_im_kalender" time="0.123" /><testcase classname="backend.tests.test_module_termine.TestWorkflow" name="test_mark_im_kalender_rejected_from_im_kalender" time="0.122" /><testcase classname="backend.tests.test_module_termine.TestWorkflow" name="test_cancel_then_reactivate" time="0.361" /><testcase classname="backend.tests.test_module_termine.TestValidation" name="test_missing_titel" time="0.106" /><testcase classname="backend.tests.test_module_termine.TestValidation" name="test_missing_start" time="0.106" /><testcase classname="backend.tests.test_module_termine.TestValidation" name="test_invalid_typ" time="0.106" /><testcase classname="backend.tests.test_module_termine.TestValidation" name="test_get_unknown_404" time="0.114" /><testcase classname="backend.tests.test_module_termine.TestValidation" name="test_go_unknown_404" time="0.107" /><testcase classname="backend.tests.test_module_termine.TestEnrich" name="test_enrich_empty_refs" time="0.238" /><testcase classname="backend.tests.test_module_termine.TestEnrich" name="test_enrich_with_refs_joins" time="0.770" /><testcase classname="backend.tests.test_module_termine.TestStats" name="test_stats_uebersicht" time="0.100" /><testcase classname="backend.tests.test_module_termine.TestIsolation" name="test_module_isolation" time="0.518" /><testcase classname="backend.tests.test_module_termine.TestDelete" name="test_delete_admin_can_delete_any" time="1.141" /><testcase classname="backend.tests.test_module_termine.TestDelete" name="test_db_clean_after_all" time="0.561" /></testsuite></testsuites>