<?xml version="1.0" encoding="utf-8"?><testsuites name="pytest tests"><testsuite name="pytest" errors="0" failures="0" skipped="0" tests="18" time="19.333" timestamp="2026-04-19T06:41:30.873468+00:00" hostname="agent-env-7452faa1-e76d-4461-8056-a845ce7ab76e"><testcase classname="tests.test_portal_v44.TestPortalSettings" name="test_get_public_defaults" time="0.120" /><testcase classname="tests.test_portal_v44.TestPortalSettings" name="test_put_updates_settings" time="0.542" /><testcase classname="tests.test_portal_v44.TestPortalLifecycle" name="test_01_for_customer_none" time="0.105" /><testcase classname="tests.test_portal_v44.TestPortalLifecycle" name="test_02_create_customer_with_email" time="0.107" /><testcase classname="tests.test_portal_v44.TestPortalLifecycle" name="test_03_create_portal_from_customer" time="0.526" /><testcase classname="tests.test_portal_v44.TestPortalLifecycle" name="test_04_for_customer_exists" time="0.103" /><testcase classname="tests.test_portal_v44.TestPortalLifecycle" name="test_05_absenden" time="0.814" /><testcase classname="tests.test_portal_v44.TestPortalLifecycle" name="test_06_mark_read" time="0.165" /><testcase classname="tests.test_portal_v44.TestPortalLifecycle" name="test_07_admin_note_push" time="0.215" /><testcase classname="tests.test_portal_v44.TestUploadCompressionAndLimits" name="test_01_setup_portal" time="0.597" /><testcase classname="tests.test_portal_v44.TestUploadCompressionAndLimits" name="test_02_compression_reduces_size" time="10.523" /><testcase classname="tests.test_portal_v44.TestUploadCompressionAndLimits" name="test_03_rate_limit_auto_lock" time="4.189" /><testcase classname="tests.test_portal_v44.TestMitarbeiterRegression" name="test_list" time="0.103" /><testcase classname="tests.test_portal_v44.TestMitarbeiterRegression" name="test_create" time="0.112" /><testcase classname="tests.test_portal_v44.TestMitarbeiterRegression" name="test_get_detail" time="0.118" /><testcase classname="tests.test_portal_v44.TestMitarbeiterRegression" name="test_update" time="0.238" /><testcase classname="tests.test_portal_v44.TestMitarbeiterRegression" name="test_subroutes" time="0.559" /><testcase classname="tests.test_portal_v44.TestMitarbeiterRegression" name="test_cleanup" time="0.116" /></testsuite></testsuites>