<?xml version="1.0" encoding="utf-8"?><testsuites name="pytest tests"><testsuite name="pytest" errors="0" failures="0" skipped="0" tests="24" time="4.804" timestamp="2026-04-07T06:39:01.789211+00:00" hostname="agent-env-457d5ee8-a354-43df-8dc7-767a6a49d46d"><testcase classname="backend.tests.test_buchhaltung_enhanced.TestBelegnummern" name="test_create_buchung_gets_auto_belegnummer" time="0.468" /><testcase classname="backend.tests.test_buchhaltung_enhanced.TestBelegnummern" name="test_belegnummer_increments" time="0.509" /><testcase classname="backend.tests.test_buchhaltung_enhanced.TestPlausibilitaetspruefung" name="test_plausibility_empty_category_warning" time="0.085" /><testcase classname="backend.tests.test_buchhaltung_enhanced.TestPlausibilitaetspruefung" name="test_plausibility_zero_amount_error" time="0.109" /><testcase classname="backend.tests.test_buchhaltung_enhanced.TestPlausibilitaetspruefung" name="test_plausibility_high_amount_warning" time="0.093" /><testcase classname="backend.tests.test_buchhaltung_enhanced.TestPlausibilitaetspruefung" name="test_plausibility_future_date_warning" time="0.086" /><testcase classname="backend.tests.test_buchhaltung_enhanced.TestPlausibilitaetspruefung" name="test_plausibility_duplicate_detection" time="0.306" /><testcase classname="backend.tests.test_buchhaltung_enhanced.TestPlausibilitaetspruefung" name="test_plausibility_missing_description_hint" time="0.069" /><testcase classname="backend.tests.test_buchhaltung_enhanced.TestKassenbuch" name="test_kassenbuch_returns_entries_with_saldo" time="0.129" /><testcase classname="backend.tests.test_buchhaltung_enhanced.TestKassenbuch" name="test_kassenbuch_entries_have_saldo_field" time="0.286" /><testcase classname="backend.tests.test_buchhaltung_enhanced.TestKassenbuch" name="test_kassenbuch_running_balance_calculation" time="0.443" /><testcase classname="backend.tests.test_buchhaltung_enhanced.TestKassenbuch" name="test_kassenbuch_zeitraum_filter" time="0.365" /><testcase classname="backend.tests.test_buchhaltung_enhanced.TestMonatsabschluss" name="test_monatsabschluss_returns_monthly_data" time="0.084" /><testcase classname="backend.tests.test_buchhaltung_enhanced.TestMonatsabschluss" name="test_monatsabschluss_month_structure" time="0.273" /><testcase classname="backend.tests.test_buchhaltung_enhanced.TestMonatsabschluss" name="test_monatsabschluss_year_navigation" time="0.232" /><testcase classname="backend.tests.test_buchhaltung_enhanced.TestMonatsabschluss" name="test_monatsabschluss_default_year" time="0.109" /><testcase classname="backend.tests.test_buchhaltung_enhanced.TestCSVExport" name="test_csv_export_returns_file" time="0.103" /><testcase classname="backend.tests.test_buchhaltung_enhanced.TestCSVExport" name="test_csv_export_semicolon_delimiter" time="0.073" /><testcase classname="backend.tests.test_buchhaltung_enhanced.TestCSVExport" name="test_csv_export_german_number_format" time="0.233" /><testcase classname="backend.tests.test_buchhaltung_enhanced.TestCSVExport" name="test_csv_export_zeitraum_filter" time="0.331" /><testcase classname="backend.tests.test_buchhaltung_enhanced.TestAuthRequired" name="test_plausibilitaet_requires_auth" time="0.082" /><testcase classname="backend.tests.test_buchhaltung_enhanced.TestAuthRequired" name="test_kassenbuch_requires_auth" time="0.070" /><testcase classname="backend.tests.test_buchhaltung_enhanced.TestAuthRequired" name="test_monatsabschluss_requires_auth" time="0.089" /><testcase classname="backend.tests.test_buchhaltung_enhanced.TestAuthRequired" name="test_export_csv_requires_auth" time="0.088" /></testsuite></testsuites>