<?xml version="1.0" encoding="utf-8"?><testsuites name="pytest tests"><testsuite name="pytest" errors="0" failures="0" skipped="0" tests="21" time="4.529" timestamp="2026-04-26T21:18:42.863000+00:00" hostname="agent-env-7452faa1-e76d-4461-8056-a845ce7ab76e"><testcase classname="backend.tests.test_module_aufgaben.TestMeta" name="test_meta_returns_enums" time="0.652" /><testcase classname="backend.tests.test_module_aufgaben.TestAdminSettings" name="test_get_settings" time="0.157" /><testcase classname="backend.tests.test_module_aufgaben.TestAdminSettings" name="test_update_settings_toggle" time="0.231" /><testcase classname="backend.tests.test_module_aufgaben.TestMitarbeiter" name="test_list_mitarbeiter" time="0.172" /><testcase classname="backend.tests.test_module_aufgaben.TestCRUD" name="test_create_task_minimal" time="0.122" /><testcase classname="backend.tests.test_module_aufgaben.TestCRUD" name="test_get_after_create_persists" time="0.107" /><testcase classname="backend.tests.test_module_aufgaben.TestCRUD" name="test_list_returns_created" time="0.147" /><testcase classname="backend.tests.test_module_aufgaben.TestCRUD" name="test_list_filter_kategorie" time="0.111" /><testcase classname="backend.tests.test_module_aufgaben.TestCRUD" name="test_list_filter_status_offen" time="0.118" /><testcase classname="backend.tests.test_module_aufgaben.TestCRUD" name="test_patch_status_in_arbeit" time="0.116" /><testcase classname="backend.tests.test_module_aufgaben.TestCRUD" name="test_patch_status_erledigt_stamps" time="0.123" /><testcase classname="backend.tests.test_module_aufgaben.TestCRUD" name="test_put_update_fields" time="0.117" /><testcase classname="backend.tests.test_module_aufgaben.TestCRUD" name="test_put_status_back_to_offen_clears_stamp" time="0.111" /><testcase classname="backend.tests.test_module_aufgaben.TestValidation" name="test_missing_titel_rejected" time="0.112" /><testcase classname="backend.tests.test_module_aufgaben.TestValidation" name="test_invalid_kategorie" time="0.122" /><testcase classname="backend.tests.test_module_aufgaben.TestValidation" name="test_invalid_prioritaet" time="0.127" /><testcase classname="backend.tests.test_module_aufgaben.TestValidation" name="test_invalid_status_patch" time="0.121" /><testcase classname="backend.tests.test_module_aufgaben.TestValidation" name="test_get_unknown_404" time="0.125" /><testcase classname="backend.tests.test_module_aufgaben.TestStats" name="test_stats_uebersicht" time="0.119" /><testcase classname="backend.tests.test_module_aufgaben.TestIsolation" name="test_module_isolation" time="0.608" /><testcase classname="backend.tests.test_module_aufgaben.TestDelete" name="test_delete_admin_can_delete_any" time="0.826" /></testsuite></testsuites>