<?xml version="1.0" encoding="utf-8"?><testsuites name="pytest tests"><testsuite name="pytest" errors="0" failures="0" skipped="0" tests="21" time="6.902" timestamp="2026-04-03T10:51:44.036242+00:00" hostname="agent-env-457d5ee8-a354-43df-8dc7-767a6a49d46d"><testcase classname="backend.tests.test_portal.TestPortalAuth" name="test_login_success" time="0.355" /><testcase classname="backend.tests.test_portal.TestPortalAdminCRUD" name="test_create_portal" time="0.487" /><testcase classname="backend.tests.test_portal.TestPortalAdminCRUD" name="test_list_portals" time="0.172" /><testcase classname="backend.tests.test_portal.TestPortalAdminCRUD" name="test_deactivate_portal" time="0.255" /><testcase classname="backend.tests.test_portal.TestPortalAdminCRUD" name="test_update_portal_description" time="0.196" /><testcase classname="backend.tests.test_portal.TestPortalAdminCRUD" name="test_delete_portal" time="0.360" /><testcase classname="backend.tests.test_portal.TestPortalAdminFiles" name="test_upload_file_to_portal" time="0.739" /><testcase classname="backend.tests.test_portal.TestPortalAdminFiles" name="test_list_portal_files" time="0.356" /><testcase classname="backend.tests.test_portal.TestPortalAdminFiles" name="test_delete_file" time="0.564" /><testcase classname="backend.tests.test_portal.TestPortalPublicAccess" name="test_verify_portal_correct_password" time="0.490" /><testcase classname="backend.tests.test_portal.TestPortalPublicAccess" name="test_verify_portal_wrong_password" time="0.098" /><testcase classname="backend.tests.test_portal.TestPortalPublicAccess" name="test_verify_portal_invalid_token" time="0.081" /><testcase classname="backend.tests.test_portal.TestPortalPublicAccess" name="test_public_list_files" time="0.388" /><testcase classname="backend.tests.test_portal.TestPortalPublicAccess" name="test_public_upload_image" time="0.362" /><testcase classname="backend.tests.test_portal.TestPortalPublicAccess" name="test_public_upload_wrong_password" time="0.087" /><testcase classname="backend.tests.test_portal.TestPortalPublicAccess" name="test_public_download_file" time="0.838" /><testcase classname="backend.tests.test_portal.TestPortalDeactivated" name="test_deactivated_portal_verify_rejected" time="0.562" /><testcase classname="backend.tests.test_portal.TestPortalDeactivated" name="test_deactivated_portal_upload_rejected" time="0.173" /><testcase classname="backend.tests.test_portal.TestPortalUnauthorized" name="test_list_portals_unauthorized" time="0.080" /><testcase classname="backend.tests.test_portal.TestPortalUnauthorized" name="test_create_portal_unauthorized" time="0.074" /><testcase classname="backend.tests.test_portal.TestPortalUnauthorized" name="test_upload_file_unauthorized" time="0.089" /></testsuite></testsuites>