<?xml version="1.0" encoding="utf-8"?><testsuites name="pytest tests"><testsuite name="pytest" errors="0" failures="0" skipped="0" tests="11" time="13.469" timestamp="2026-04-08T04:07:16.733814+00:00" hostname="agent-env-c1d69571-c84c-41ee-91dc-c86226762d58"><testcase classname="backend.tests.test_berechtigungen.TestBerechtigungenBackend" name="test_admin_login_returns_berechtigungen" time="1.150" /><testcase classname="backend.tests.test_berechtigungen.TestBerechtigungenBackend" name="test_buchhaltung_login_returns_berechtigungen" time="1.090" /><testcase classname="backend.tests.test_berechtigungen.TestBerechtigungenBackend" name="test_get_user_berechtigungen_as_admin" time="0.967" /><testcase classname="backend.tests.test_berechtigungen.TestBerechtigungenBackend" name="test_get_berechtigungen_forbidden_for_non_admin" time="0.980" /><testcase classname="backend.tests.test_berechtigungen.TestBerechtigungenBackend" name="test_update_berechtigungen_as_admin" time="2.052" /><testcase classname="backend.tests.test_berechtigungen.TestBerechtigungenBackend" name="test_update_berechtigungen_forbidden_for_non_admin" time="0.991" /><testcase classname="backend.tests.test_berechtigungen.TestBerechtigungenBackend" name="test_buchhaltung_can_update_stammdaten" time="1.785" /><testcase classname="backend.tests.test_berechtigungen.TestBerechtigungenBackend" name="test_buchhaltung_cannot_create_mitarbeiter" time="1.074" /><testcase classname="backend.tests.test_berechtigungen.TestBerechtigungenBackend" name="test_buchhaltung_cannot_delete_mitarbeiter" time="0.996" /><testcase classname="backend.tests.test_berechtigungen.TestBerechtigungenBackend" name="test_admin_can_create_mitarbeiter" time="1.322" /><testcase classname="backend.tests.test_berechtigungen.TestBerechtigungenBackend" name="test_list_users_includes_both_users" time="1.000" /></testsuite></testsuites>