<?xml version="1.0" encoding="utf-8"?><testsuites name="pytest tests"><testsuite name="pytest" errors="0" failures="0" skipped="0" tests="16" time="5.565" timestamp="2026-04-01T04:53:08.778163+00:00" hostname="agent-env-79157ddc-c8c7-4abe-b22e-00e47a5cb50e"><testcase classname="backend.tests.test_email_due_features.TestDueSoonEndpoint" name="test_due_soon_returns_200" time="0.468" /><testcase classname="backend.tests.test_email_due_features.TestDueSoonEndpoint" name="test_due_soon_invoice_structure" time="0.114" /><testcase classname="backend.tests.test_email_due_features.TestCheckDueEndpoint" name="test_check_due_returns_200" time="0.074" /><testcase classname="backend.tests.test_email_due_features.TestCheckDueEndpoint" name="test_check_due_updates_overdue_status" time="0.142" /><testcase classname="backend.tests.test_email_due_features.TestEmailDocumentEndpoint" name="test_email_invoice_success" time="1.224" /><testcase classname="backend.tests.test_email_due_features.TestEmailDocumentEndpoint" name="test_email_quote_success" time="1.259" /><testcase classname="backend.tests.test_email_due_features.TestEmailDocumentEndpoint" name="test_email_invalid_doc_type" time="0.080" /><testcase classname="backend.tests.test_email_due_features.TestEmailDocumentEndpoint" name="test_email_nonexistent_document" time="0.336" /><testcase classname="backend.tests.test_email_due_features.TestEmailDunningEndpoint" name="test_email_dunning_success" time="1.160" /><testcase classname="backend.tests.test_email_due_features.TestEmailDunningEndpoint" name="test_email_dunning_nonexistent_invoice" time="0.080" /><testcase classname="backend.tests.test_email_due_features.TestOverdueInvoicesEndpoint" name="test_overdue_returns_200" time="0.088" /><testcase classname="backend.tests.test_email_due_features.TestOverdueInvoicesEndpoint" name="test_overdue_invoice_structure" time="0.137" /><testcase classname="backend.tests.test_email_due_features.TestEmailRequiresAuth" name="test_email_document_requires_auth" time="0.083" /><testcase classname="backend.tests.test_email_due_features.TestEmailRequiresAuth" name="test_email_dunning_requires_auth" time="0.081" /><testcase classname="backend.tests.test_email_due_features.TestEmailRequiresAuth" name="test_due_soon_requires_auth" time="0.075" /><testcase classname="backend.tests.test_email_due_features.TestEmailRequiresAuth" name="test_check_due_requires_auth" time="0.083" /></testsuite></testsuites>