<?xml version="1.0" encoding="utf-8"?><testsuites name="pytest tests"><testsuite name="pytest" errors="0" failures="0" skipped="0" tests="20" time="2.866" timestamp="2026-04-07T08:05:25.887057+00:00" hostname="agent-env-457d5ee8-a354-43df-8dc7-767a6a49d46d"><testcase classname="backend.tests.test_mitarbeiter.TestMitarbeiterCRUD" name="test_list_mitarbeiter" time="0.513" /><testcase classname="backend.tests.test_mitarbeiter.TestMitarbeiterCRUD" name="test_create_mitarbeiter" time="0.234" /><testcase classname="backend.tests.test_mitarbeiter.TestMitarbeiterCRUD" name="test_get_mitarbeiter" time="0.133" /><testcase classname="backend.tests.test_mitarbeiter.TestMitarbeiterCRUD" name="test_update_mitarbeiter" time="0.129" /><testcase classname="backend.tests.test_mitarbeiter.TestMitarbeiterCRUD" name="test_get_nonexistent_mitarbeiter" time="0.096" /><testcase classname="backend.tests.test_mitarbeiter.TestMitarbeiterUrlaub" name="test_create_urlaub" time="0.055" /><testcase classname="backend.tests.test_mitarbeiter.TestMitarbeiterUrlaub" name="test_list_urlaub" time="0.043" /><testcase classname="backend.tests.test_mitarbeiter.TestMitarbeiterUrlaub" name="test_delete_urlaub" time="0.144" /><testcase classname="backend.tests.test_mitarbeiter.TestMitarbeiterKrankmeldungen" name="test_create_krankmeldung" time="0.053" /><testcase classname="backend.tests.test_mitarbeiter.TestMitarbeiterKrankmeldungen" name="test_list_krankmeldungen" time="0.079" /><testcase classname="backend.tests.test_mitarbeiter.TestMitarbeiterKrankmeldungen" name="test_delete_krankmeldung" time="0.128" /><testcase classname="backend.tests.test_mitarbeiter.TestMitarbeiterLohnhistorie" name="test_create_lohnhistorie" time="0.167" /><testcase classname="backend.tests.test_mitarbeiter.TestMitarbeiterLohnhistorie" name="test_list_lohnhistorie" time="0.078" /><testcase classname="backend.tests.test_mitarbeiter.TestMitarbeiterFortbildungen" name="test_create_fortbildung" time="0.054" /><testcase classname="backend.tests.test_mitarbeiter.TestMitarbeiterFortbildungen" name="test_list_fortbildungen" time="0.081" /><testcase classname="backend.tests.test_mitarbeiter.TestMitarbeiterFortbildungen" name="test_delete_fortbildung" time="0.162" /><testcase classname="backend.tests.test_mitarbeiter.TestMitarbeiterStatistiken" name="test_get_statistiken" time="0.042" /><testcase classname="backend.tests.test_mitarbeiter.TestMitarbeiterAbwesenheiten" name="test_get_all_abwesenheiten" time="0.083" /><testcase classname="backend.tests.test_mitarbeiter.TestPasswordManagement" name="test_list_users" time="0.084" /><testcase classname="backend.tests.test_mitarbeiter.TestPasswordManagement" name="test_change_password" time="0.422" /></testsuite></testsuites>