<?xml version="1.0" encoding="utf-8"?><testsuites name="pytest tests"><testsuite name="pytest" errors="0" failures="0" skipped="0" tests="8" time="3.361" timestamp="2026-04-19T12:52:35.920334+00:00" hostname="agent-env-7452faa1-e76d-4461-8056-a845ce7ab76e"><testcase classname="backend.tests.test_docs_editor_v45.TestSettingsSloganFontSize" name="test_get_settings_has_slogan_font_size" time="0.450" /><testcase classname="backend.tests.test_docs_editor_v45.TestSettingsSloganFontSize" name="test_put_settings_slogan_font_size_persists" time="0.437" /><testcase classname="backend.tests.test_docs_editor_v45.TestPDFGenerationDocTypes" name="test_quote_pdf_ok" time="0.424" /><testcase classname="backend.tests.test_docs_editor_v45.TestPDFGenerationDocTypes" name="test_order_pdf_ok" time="0.418" /><testcase classname="backend.tests.test_docs_editor_v45.TestPDFGenerationDocTypes" name="test_invoice_pdf_ok" time="0.328" /><testcase classname="backend.tests.test_docs_editor_v45.TestPDFGenerationDocTypes" name="test_pdf_with_custom_slogan_size" time="0.718" /><testcase classname="backend.tests.test_docs_editor_v45.TestTextTemplatesCRUD" name="test_list_templates" time="0.103" /><testcase classname="backend.tests.test_docs_editor_v45.TestTextTemplatesCRUD" name="test_create_update_delete" time="0.436" /></testsuite></testsuites>