<?xml version="1.0" encoding="utf-8"?><testsuites name="pytest tests"><testsuite name="pytest" errors="0" failures="0" skipped="0" tests="15" time="5.344" timestamp="2026-04-14T13:12:26.573954+00:00" hostname="agent-env-3c05f006-c25c-402d-bb9a-6e24c2cfd7e9"><testcase classname="backend.tests.test_new_features_v36.TestAuth" name="test_login_success" time="0.456" /><testcase classname="backend.tests.test_new_features_v36.TestCustomers" name="test_get_customers" time="0.463" /><testcase classname="backend.tests.test_new_features_v36.TestCustomers" name="test_create_customer_with_new_fields" time="0.117" /><testcase classname="backend.tests.test_new_features_v36.TestCustomers" name="test_create_customer_firma_type" time="0.151" /><testcase classname="backend.tests.test_new_features_v36.TestCustomers" name="test_get_customer_by_id" time="0.225" /><testcase classname="backend.tests.test_new_features_v36.TestAnfragen" name="test_get_anfragen" time="0.451" /><testcase classname="backend.tests.test_new_features_v36.TestAnfragen" name="test_create_anfrage_with_new_fields" time="0.172" /><testcase classname="backend.tests.test_new_features_v36.TestAnfragen" name="test_create_anfrage_firma_type" time="0.172" /><testcase classname="backend.tests.test_new_features_v36.TestDiverses" name="test_get_diverses" time="0.439" /><testcase classname="backend.tests.test_new_features_v36.TestDiverses" name="test_create_diverses_item" time="0.130" /><testcase classname="backend.tests.test_new_features_v36.TestKundenStatus" name="test_get_kunden_status" time="0.446" /><testcase classname="backend.tests.test_new_features_v36.TestEmailInbox" name="test_get_email_inbox" time="0.455" /><testcase classname="backend.tests.test_new_features_v36.TestSettings" name="test_get_settings" time="0.445" /><testcase classname="backend.tests.test_new_features_v36.TestCleanup" name="test_cleanup_test_customers" time="0.766" /><testcase classname="backend.tests.test_new_features_v36.TestCleanup" name="test_cleanup_test_anfragen" time="0.380" /></testsuite></testsuites>