<?xml version="1.0" encoding="utf-8"?><testsuites name="pytest tests"><testsuite name="pytest" errors="0" failures="0" skipped="0" tests="26" time="12.731" timestamp="2026-04-18T02:01:14.337142+00:00" hostname="agent-env-7452faa1-e76d-4461-8056-a845ce7ab76e"><testcase classname="backend.tests.test_portal_v40.TestPortalAuth" name="test_login_success" time="0.546" /><testcase classname="backend.tests.test_portal_v40.TestPortalAdminCRUD" name="test_create_portal" time="0.704" /><testcase classname="backend.tests.test_portal_v40.TestPortalAdminCRUD" name="test_list_portals" time="0.334" /><testcase classname="backend.tests.test_portal_v40.TestPortalAdminCRUD" name="test_deactivate_portal" time="0.475" /><testcase classname="backend.tests.test_portal_v40.TestPortalAdminCRUD" name="test_update_portal_description" time="0.337" /><testcase classname="backend.tests.test_portal_v40.TestPortalAdminCRUD" name="test_delete_portal" time="0.556" /><testcase classname="backend.tests.test_portal_v40.TestPortalFromCustomer" name="test_get_customers_from_kunden_modul" time="0.448" /><testcase classname="backend.tests.test_portal_v40.TestPortalFromCustomer" name="test_create_portal_from_customer" time="0.825" /><testcase classname="backend.tests.test_portal_v40.TestPortalAdminFiles" name="test_upload_file_to_portal" time="0.826" /><testcase classname="backend.tests.test_portal_v40.TestPortalAdminFiles" name="test_list_portal_files" time="0.380" /><testcase classname="backend.tests.test_portal_v40.TestPortalAdminFiles" name="test_delete_file" time="0.617" /><testcase classname="backend.tests.test_portal_v40.TestPortalPublicAccess" name="test_verify_portal_correct_password" time="0.659" /><testcase classname="backend.tests.test_portal_v40.TestPortalPublicAccess" name="test_verify_portal_wrong_password" time="0.119" /><testcase classname="backend.tests.test_portal_v40.TestPortalPublicAccess" name="test_verify_portal_invalid_token" time="0.146" /><testcase classname="backend.tests.test_portal_v40.TestPortalPublicAccess" name="test_public_list_files" time="0.399" /><testcase classname="backend.tests.test_portal_v40.TestPortalPublicAccess" name="test_public_upload_image" time="1.176" /><testcase classname="backend.tests.test_portal_v40.TestPortalPublicAccess" name="test_public_upload_wrong_password" time="0.238" /><testcase classname="backend.tests.test_portal_v40.TestPortalNotes" name="test_customer_add_note" time="1.016" /><testcase classname="backend.tests.test_portal_v40.TestPortalNotes" name="test_admin_add_note" time="0.115" /><testcase classname="backend.tests.test_portal_v40.TestPortalNotes" name="test_get_admin_notes" time="0.304" /><testcase classname="backend.tests.test_portal_v40.TestPortalDeactivated" name="test_deactivated_portal_verify_rejected" time="0.714" /><testcase classname="backend.tests.test_portal_v40.TestPortalDeactivated" name="test_deactivated_portal_upload_rejected" time="0.251" /><testcase classname="backend.tests.test_portal_v40.TestPortalUnauthorized" name="test_list_portals_unauthorized" time="0.500" /><testcase classname="backend.tests.test_portal_v40.TestPortalUnauthorized" name="test_create_portal_unauthorized" time="0.117" /><testcase classname="backend.tests.test_portal_v40.TestPortalUnauthorized" name="test_upload_file_unauthorized" time="0.117" /><testcase classname="backend.tests.test_portal_v40.TestPortalLookup" name="test_lookup_portal_by_email" time="0.714" /></testsuite></testsuites>