<?xml version="1.0" encoding="utf-8"?><testsuites name="pytest tests"><testsuite name="pytest" errors="0" failures="0" skipped="0" tests="17" time="3.412" timestamp="2026-04-15T07:04:50.359040+00:00" hostname="agent-env-7452faa1-e76d-4461-8056-a845ce7ab76e"><testcase classname="tests.test_module_linkage.TestKontaktToKundenTransfer" name="test_create_kontakt_and_transfer_to_kunde" time="0.741" /><testcase classname="tests.test_module_linkage.TestKontaktToKundenTransfer" name="test_duplicate_detection_by_email" time="0.342" /><testcase classname="tests.test_module_linkage.TestKontaktToKundenTransfer" name="test_transfer_nonexistent_kontakt" time="0.108" /><testcase classname="tests.test_module_linkage.TestKundenToKontaktTransfer" name="test_create_kunde_and_transfer_to_kontakt" time="0.308" /><testcase classname="tests.test_module_linkage.TestKundenToKontaktTransfer" name="test_duplicate_detection_kunde_to_kontakt" time="0.305" /><testcase classname="tests.test_module_linkage.TestKundenToKontaktTransfer" name="test_transfer_nonexistent_kunde" time="0.107" /><testcase classname="tests.test_module_linkage.TestDocumentEditorDataSources" name="test_kunden_modul_data_available" time="0.110" /><testcase classname="tests.test_module_linkage.TestDocumentEditorDataSources" name="test_kontakt_modul_data_available" time="0.097" /><testcase classname="tests.test_module_linkage.TestDocumentEditorDataSources" name="test_artikel_modul_data_available" time="0.124" /><testcase classname="tests.test_module_linkage.TestDocumentEditorDataSources" name="test_textvorlagen_modul_data_available" time="0.104" /><testcase classname="tests.test_module_linkage.TestDocumentEditorDataSources" name="test_customers_endpoint_available" time="0.103" /><testcase classname="tests.test_module_linkage.TestDocumentEditorDataSources" name="test_articles_endpoint_available" time="0.097" /><testcase classname="tests.test_module_linkage.TestTextTemplateSelect" name="test_text_templates_endpoint" time="0.097" /><testcase classname="tests.test_module_linkage.TestTextTemplateSelect" name="test_text_templates_by_type" time="0.225" /><testcase classname="tests.test_module_linkage.TestTextTemplateSelect" name="test_textvorlagen_modul_by_type" time="0.200" /><testcase classname="tests.test_module_linkage.TestModuleEndpointsExist" name="test_kunden_from_kontakt_endpoint_exists" time="0.148" /><testcase classname="tests.test_module_linkage.TestModuleEndpointsExist" name="test_kontakt_from_kunden_endpoint_exists" time="0.116" /></testsuite></testsuites>