<?xml version="1.0" encoding="utf-8"?><testsuites name="pytest tests"><testsuite name="pytest" errors="0" failures="0" skipped="0" tests="10" time="2.845" timestamp="2026-04-24T18:06:35.246062+00:00" hostname="agent-env-7452faa1-e76d-4461-8056-a845ce7ab76e"><testcase classname="tests.test_module_duplikate.TestAutoSyncStartup" name="test_all_kunden_have_status_eq_kontakt_status" time="0.499" /><testcase classname="tests.test_module_duplikate.TestSettings" name="test_get_settings" time="0.119" /><testcase classname="tests.test_module_duplikate.TestSettings" name="test_put_settings_admin" time="0.120" /><testcase classname="tests.test_module_duplikate.TestScanAndIgnore" name="test_scan_finds_duplicates" time="0.354" /><testcase classname="tests.test_module_duplikate.TestScanAndIgnore" name="test_pair_detail" time="0.118" /><testcase classname="tests.test_module_duplikate.TestScanAndIgnore" name="test_ignore_and_scan_hides_pair" time="0.465" /><testcase classname="tests.test_module_duplikate.TestMergeFlow" name="test_merge_and_log" time="0.465" /><testcase classname="tests.test_module_duplikate.TestMergeFlow" name="test_archived_kunde_excluded_from_scan" time="0.116" /><testcase classname="tests.test_module_duplikate.TestPermissions" name="test_scan_requires_auth" time="0.108" /><testcase classname="tests.test_module_duplikate.TestPermissions" name="test_merge_requires_auth" time="0.405" /></testsuite></testsuites>