<?xml version="1.0" encoding="utf-8"?><testsuites name="pytest tests"><testsuite name="pytest" errors="0" failures="0" skipped="0" tests="21" time="1.925" timestamp="2026-04-18T06:41:58.224560+00:00" hostname="agent-env-7452faa1-e76d-4461-8056-a845ce7ab76e"><testcase classname="backend.tests.test_einsaetze_mitarbeiter_v43.TestEinsatzConfig" name="test_get_config" time="0.453" /><testcase classname="backend.tests.test_einsaetze_mitarbeiter_v43.TestEinsaetzeCRUD" name="test_list_einsaetze" time="0.046" /><testcase classname="backend.tests.test_einsaetze_mitarbeiter_v43.TestEinsaetzeCRUD" name="test_list_einsaetze_with_status_filter" time="0.046" /><testcase classname="backend.tests.test_einsaetze_mitarbeiter_v43.TestEinsaetzeCRUD" name="test_create_einsatz" time="0.046" /><testcase classname="backend.tests.test_einsaetze_mitarbeiter_v43.TestEinsaetzeCRUD" name="test_get_einsatz" time="0.047" /><testcase classname="backend.tests.test_einsaetze_mitarbeiter_v43.TestEinsaetzeCRUD" name="test_update_einsatz" time="0.046" /><testcase classname="backend.tests.test_einsaetze_mitarbeiter_v43.TestEinsaetzeCRUD" name="test_delete_einsatz" time="0.090" /><testcase classname="backend.tests.test_einsaetze_mitarbeiter_v43.TestEinsatzFromKontaktKunde" name="test_create_from_kontakt" time="0.093" /><testcase classname="backend.tests.test_einsaetze_mitarbeiter_v43.TestEinsatzFromKontaktKunde" name="test_create_from_kunde" time="0.096" /><testcase classname="backend.tests.test_einsaetze_mitarbeiter_v43.TestEinsatzFromKontaktKunde" name="test_cleanup_from_kontakt_kunde" time="0.093" /><testcase classname="backend.tests.test_einsaetze_mitarbeiter_v43.TestEinsatzICS" name="test_get_ics_with_termin" time="0.138" /><testcase classname="backend.tests.test_einsaetze_mitarbeiter_v43.TestMitarbeiterCRUD" name="test_list_mitarbeiter" time="0.050" /><testcase classname="backend.tests.test_einsaetze_mitarbeiter_v43.TestMitarbeiterCRUD" name="test_create_mitarbeiter" time="0.045" /><testcase classname="backend.tests.test_einsaetze_mitarbeiter_v43.TestMitarbeiterCRUD" name="test_get_mitarbeiter" time="0.045" /><testcase classname="backend.tests.test_einsaetze_mitarbeiter_v43.TestMitarbeiterCRUD" name="test_update_mitarbeiter" time="0.088" /><testcase classname="backend.tests.test_einsaetze_mitarbeiter_v43.TestMitarbeiterCRUD" name="test_delete_mitarbeiter" time="0.089" /><testcase classname="backend.tests.test_einsaetze_mitarbeiter_v43.TestEinsatzMonteurIntegration" name="test_assign_monteur_to_einsatz" time="0.134" /><testcase classname="backend.tests.test_einsaetze_mitarbeiter_v43.TestErrorHandling" name="test_get_nonexistent_einsatz" time="0.049" /><testcase classname="backend.tests.test_einsaetze_mitarbeiter_v43.TestErrorHandling" name="test_get_nonexistent_mitarbeiter" time="0.046" /><testcase classname="backend.tests.test_einsaetze_mitarbeiter_v43.TestErrorHandling" name="test_create_from_nonexistent_kontakt" time="0.048" /><testcase classname="backend.tests.test_einsaetze_mitarbeiter_v43.TestErrorHandling" name="test_create_from_nonexistent_kunde" time="0.047" /></testsuite></testsuites>