<?xml version="1.0" encoding="utf-8"?><testsuites name="pytest tests"><testsuite name="pytest" errors="0" failures="0" skipped="0" tests="11" time="8.165" timestamp="2026-04-02T20:33:40.898676+00:00" hostname="agent-env-4156263c-8baf-4e01-91ff-7b73136db230"><testcase classname="backend.tests.test_unified_articles.TestUnifiedArticlesAPI" name="test_get_all_articles" time="0.582" /><testcase classname="backend.tests.test_unified_articles.TestUnifiedArticlesAPI" name="test_filter_by_typ_artikel" time="0.425" /><testcase classname="backend.tests.test_unified_articles.TestUnifiedArticlesAPI" name="test_filter_by_typ_leistung" time="0.440" /><testcase classname="backend.tests.test_unified_articles.TestUnifiedArticlesAPI" name="test_filter_by_typ_fremdleistung" time="0.560" /><testcase classname="backend.tests.test_unified_articles.TestUnifiedArticlesAPI" name="test_create_artikel_with_vk_calculation" time="0.875" /><testcase classname="backend.tests.test_unified_articles.TestUnifiedArticlesAPI" name="test_create_fremdleistung_with_subunternehmer" time="0.860" /><testcase classname="backend.tests.test_unified_articles.TestUnifiedArticlesAPI" name="test_update_article_recalculates_vk" time="1.275" /><testcase classname="backend.tests.test_unified_articles.TestUnifiedArticlesAPI" name="test_delete_article" time="1.399" /><testcase classname="backend.tests.test_unified_articles.TestUnifiedArticlesAPI" name="test_delete_nonexistent_returns_404" time="0.419" /><testcase classname="backend.tests.test_unified_articles.TestUnifiedArticlesAPI" name="test_vk_calculation_with_zero_values" time="0.865" /><testcase classname="backend.tests.test_unified_articles.TestServicesRedirect" name="test_services_endpoint_exists" time="0.414" /></testsuite></testsuites>