<?xml version="1.0" encoding="utf-8"?><testsuites name="pytest tests"><testsuite name="pytest" errors="0" failures="0" skipped="0" tests="26" time="9.464" timestamp="2026-04-02T04:43:05.808522+00:00" hostname="agent-env-9f1eaef8-aad9-471c-acdb-2be82ac5ff9e"><testcase classname="tests.test_refactored_routes.TestAuth" name="test_login_success" time="0.328" /><testcase classname="tests.test_refactored_routes.TestAuth" name="test_login_invalid_credentials" time="0.081" /><testcase classname="tests.test_refactored_routes.TestDashboard" name="test_dashboard_stats" time="0.333" /><testcase classname="tests.test_refactored_routes.TestDashboard" name="test_stats_overview_anfragen" time="0.365" /><testcase classname="tests.test_refactored_routes.TestDashboard" name="test_stats_overview_kunden" time="0.323" /><testcase classname="tests.test_refactored_routes.TestDashboard" name="test_stats_overview_leistungen" time="0.337" /><testcase classname="tests.test_refactored_routes.TestCustomers" name="test_get_customers" time="0.344" /><testcase classname="tests.test_refactored_routes.TestCustomers" name="test_create_and_get_customer" time="0.431" /><testcase classname="tests.test_refactored_routes.TestCustomers" name="test_customer_to_anfrage" time="0.524" /><testcase classname="tests.test_refactored_routes.TestAnfragen" name="test_get_anfragen" time="0.385" /><testcase classname="tests.test_refactored_routes.TestAnfragen" name="test_get_anfragen_with_category_filter" time="0.375" /><testcase classname="tests.test_refactored_routes.TestQuotes" name="test_get_quotes" time="0.349" /><testcase classname="tests.test_refactored_routes.TestQuotes" name="test_quotes_followup_route_not_shadowed" time="0.332" /><testcase classname="tests.test_refactored_routes.TestQuotes" name="test_quotes_check_followup" time="0.447" /><testcase classname="tests.test_refactored_routes.TestOrders" name="test_get_orders" time="0.331" /><testcase classname="tests.test_refactored_routes.TestInvoices" name="test_get_invoices" time="0.348" /><testcase classname="tests.test_refactored_routes.TestInvoices" name="test_invoices_overdue_route_not_shadowed" time="0.356" /><testcase classname="tests.test_refactored_routes.TestInvoices" name="test_invoices_due_soon" time="0.355" /><testcase classname="tests.test_refactored_routes.TestArticles" name="test_get_articles" time="0.371" /><testcase classname="tests.test_refactored_routes.TestArticles" name="test_article_crud" time="0.509" /><testcase classname="tests.test_refactored_routes.TestServices" name="test_get_services" time="0.375" /><testcase classname="tests.test_refactored_routes.TestServices" name="test_service_crud" time="0.464" /><testcase classname="tests.test_refactored_routes.TestSettings" name="test_get_settings" time="0.369" /><testcase classname="tests.test_refactored_routes.TestSettings" name="test_update_settings" time="0.533" /><testcase classname="tests.test_refactored_routes.TestEmailLog" name="test_get_email_log" time="0.368" /><testcase classname="tests.test_refactored_routes.TestAPIRoot" name="test_api_root" time="0.073" /></testsuite></testsuites>