<?xml version="1.0" encoding="utf-8"?><testsuites name="pytest tests"><testsuite name="pytest" errors="0" failures="0" skipped="0" tests="25" time="11.501" timestamp="2026-04-24T09:01:04.708974+00:00" hostname="agent-env-7452faa1-e76d-4461-8056-a845ce7ab76e"><testcase classname="tests.test_portal_v4.TestAdminCRUD" name="test_list_accounts" time="1.289" /><testcase classname="tests.test_portal_v4.TestAdminCRUD" name="test_create_update_delete_account" time="0.707" /><testcase classname="tests.test_portal_v4.TestSettings" name="test_get_settings" time="0.105" /><testcase classname="tests.test_portal_v4.TestSettings" name="test_update_settings_toggle" time="0.365" /><testcase classname="tests.test_portal_v4.TestCustomerAuth" name="test_preflight_valid" time="0.122" /><testcase classname="tests.test_portal_v4.TestCustomerAuth" name="test_preflight_invalid" time="0.133" /><testcase classname="tests.test_portal_v4.TestCustomerAuth" name="test_login_with_token" time="0.334" /><testcase classname="tests.test_portal_v4.TestCustomerAuth" name="test_login_with_email" time="0.320" /><testcase classname="tests.test_portal_v4.TestCustomerAuth" name="test_login_wrong_password" time="0.328" /><testcase classname="tests.test_portal_v4.TestCustomerAuth" name="test_me_with_session" time="0.465" /><testcase classname="tests.test_portal_v4.TestCustomerAuth" name="test_me_without_token" time="0.099" /><testcase classname="tests.test_portal_v4.TestMessages" name="test_customer_send_and_list" time="0.561" /><testcase classname="tests.test_portal_v4.TestUploads" name="test_customer_upload_and_list" time="0.790" /><testcase classname="tests.test_portal_v4.TestDocuments" name="test_account_a_sees_only_released_a" time="0.445" /><testcase classname="tests.test_portal_v4.TestDocuments" name="test_account_b_sees_only_released_b" time="0.438" /><testcase classname="tests.test_portal_v4.TestDocuments" name="test_account_without_customer_id_sees_nothing" time="0.439" /><testcase classname="tests.test_portal_v4.TestDocuments" name="test_detail_404_for_foreign_customer" time="0.470" /><testcase classname="tests.test_portal_v4.TestDocuments" name="test_detail_404_for_own_but_unreleased" time="0.433" /><testcase classname="tests.test_portal_v4.TestDocuments" name="test_detail_200_for_released_own" time="0.439" /><testcase classname="tests.test_portal_v4.TestDocuments" name="test_pdf_download_own_released" time="0.440" /><testcase classname="tests.test_portal_v4.TestDocuments" name="test_pdf_download_foreign_blocked" time="0.440" /><testcase classname="tests.test_portal_v4.TestDocuments" name="test_pdf_download_unreleased_blocked" time="0.448" /><testcase classname="tests.test_portal_v4.TestFreigabePatch" name="test_patch_freigabe_toggle_on_off" time="0.811" /><testcase classname="tests.test_portal_v4.TestV2Isolation" name="test_portal_v4_account_not_in_portal_v2_collection" time="0.003" /><testcase classname="tests.test_portal_v4.TestV2Isolation" name="test_dokumente_v2_not_written_by_portal_v4_reads" time="0.657" /></testsuite></testsuites>