<?xml version="1.0" encoding="utf-8"?><testsuites name="pytest tests"><testsuite name="pytest" errors="0" failures="0" skipped="0" tests="21" time="5.031" timestamp="2026-04-23T07:45:44.717920+00:00" hostname="agent-env-7452faa1-e76d-4461-8056-a845ce7ab76e"><testcase classname="backend.tests.test_dokumente_v2_phase4" name="test_allowed_transitions_non_strict[angebot-auftrag]" time="0.721" /><testcase classname="backend.tests.test_dokumente_v2_phase4" name="test_allowed_transitions_non_strict[angebot-rechnung]" time="0.193" /><testcase classname="backend.tests.test_dokumente_v2_phase4" name="test_allowed_transitions_non_strict[auftrag-rechnung]" time="0.191" /><testcase classname="backend.tests.test_dokumente_v2_phase4" name="test_rechnung_to_gutschrift_requires_issued_rechnung" time="0.296" /><testcase classname="backend.tests.test_dokumente_v2_phase4" name="test_forbidden_transitions_return_409[auftrag-gutschrift]" time="0.140" /><testcase classname="backend.tests.test_dokumente_v2_phase4" name="test_forbidden_transitions_return_409[auftrag-angebot]" time="0.142" /><testcase classname="backend.tests.test_dokumente_v2_phase4" name="test_forbidden_transitions_return_409[rechnung-angebot]" time="0.140" /><testcase classname="backend.tests.test_dokumente_v2_phase4" name="test_forbidden_transitions_return_409[rechnung-auftrag]" time="0.141" /><testcase classname="backend.tests.test_dokumente_v2_phase4" name="test_forbidden_transitions_return_409[gutschrift-angebot]" time="0.159" /><testcase classname="backend.tests.test_dokumente_v2_phase4" name="test_forbidden_transitions_return_409[gutschrift-auftrag]" time="0.150" /><testcase classname="backend.tests.test_dokumente_v2_phase4" name="test_forbidden_transitions_return_409[gutschrift-rechnung]" time="0.148" /><testcase classname="backend.tests.test_dokumente_v2_phase4" name="test_forbidden_transitions_return_409[angebot-gutschrift]" time="0.142" /><testcase classname="backend.tests.test_dokumente_v2_phase4" name="test_convert_canceled_source_blocked" time="0.196" /><testcase classname="backend.tests.test_dokumente_v2_phase4" name="test_issued_angebot_can_be_converted" time="0.337" /><testcase classname="backend.tests.test_dokumente_v2_phase4" name="test_multi_level_chain_parent_refs" time="0.444" /><testcase classname="backend.tests.test_dokumente_v2_phase4" name="test_chain_response_projection_only" time="0.283" /><testcase classname="backend.tests.test_dokumente_v2_phase4" name="test_chain_no_parent_no_children" time="0.140" /><testcase classname="backend.tests.test_dokumente_v2_phase4" name="test_chain_404_unknown" time="0.047" /><testcase classname="backend.tests.test_dokumente_v2_phase4" name="test_positions_copy_new_uuids_same_content" time="0.238" /><testcase classname="backend.tests.test_dokumente_v2_phase4" name="test_isolation_convert_does_not_touch_legacy" time="0.451" /><testcase classname="backend.tests.test_dokumente_v2_phase4" name="test_zz_final_cleanup_phase4" time="0.148" /></testsuite></testsuites>