<?xml version="1.0" encoding="utf-8"?><testsuites name="pytest tests"><testsuite name="pytest" errors="0" failures="0" skipped="0" tests="18" time="7.781" timestamp="2026-04-18T02:43:51.253706+00:00" hostname="agent-env-7452faa1-e76d-4461-8056-a845ce7ab76e"><testcase classname="backend.tests.test_kontakt_v41.TestKontaktFormSubmit" name="test_kontakt_submit_basic" time="0.806" /><testcase classname="backend.tests.test_kontakt_v41.TestKontaktFormSubmit" name="test_kontakt_submit_with_topics" time="0.912" /><testcase classname="backend.tests.test_kontakt_v41.TestKontaktFormSubmit" name="test_kontakt_submit_firma" time="0.868" /><testcase classname="backend.tests.test_kontakt_v41.TestKontaktFormSubmit" name="test_kontakt_submit_with_objekt_address" time="0.878" /><testcase classname="backend.tests.test_kontakt_v41.TestWebhookContact" name="test_webhook_contact_basic" time="0.471" /><testcase classname="backend.tests.test_kontakt_v41.TestWebhookContact" name="test_webhook_contact_with_firma" time="0.216" /><testcase classname="backend.tests.test_kontakt_v41.TestWebhookContact" name="test_webhook_contact_with_objekt" time="0.198" /><testcase classname="backend.tests.test_kontakt_v41.TestKontaktFormPage" name="test_kontakt_form_page_loads" time="0.135" /><testcase classname="backend.tests.test_kontakt_v41.TestKontaktFormPage" name="test_kontakt_form_has_correct_action" time="0.130" /><testcase classname="backend.tests.test_kontakt_v41.TestContactBeacon" name="test_beacon_without_params_returns_pixel" time="0.141" /><testcase classname="backend.tests.test_kontakt_v41.TestContactBeacon" name="test_beacon_with_params_saves_and_returns_pixel" time="0.217" /><testcase classname="backend.tests.test_kontakt_v41.TestModuleKontaktDataVerification" name="test_verify_kontakt_status_neu" time="0.630" /><testcase classname="backend.tests.test_kontakt_v41.TestModuleKontaktDataVerification" name="test_verify_structured_address_fields" time="0.982" /><testcase classname="backend.tests.test_kontakt_v41.TestImageUpload" name="test_kontakt_submit_with_image" time="1.131" /><testcase classname="backend.tests.test_kontakt_v41.TestNoLegacyAnfragenCollection" name="test_webhook_uses_module_kontakt_not_anfragen" time="0.000" /><testcase classname="backend.tests.test_kontakt_v41.TestNoLegacyAnfragenCollection" name="test_kontakt_submit_uses_module_kontakt_not_anfragen" time="0.000" /><testcase classname="backend.tests.test_kontakt_v41.TestNoLegacyAnfragenCollection" name="test_beacon_uses_module_kontakt_not_anfragen" time="0.000" /><testcase classname="backend.tests.test_kontakt_v41.TestCleanup" name="test_cleanup_info" time="0.000" /></testsuite></testsuites>