<?xml version="1.0" encoding="utf-8"?><testsuites name="pytest tests"><testsuite name="pytest" errors="0" failures="0" skipped="0" tests="16" time="25.464" timestamp="2026-04-02T19:45:09.313622+00:00" hostname="agent-env-4156263c-8baf-4e01-91ff-7b73136db230"><testcase classname="tests.test_text_templates.TestTextTemplatesAPI" name="test_get_placeholders" time="1.154" /><testcase classname="tests.test_text_templates.TestTextTemplatesAPI" name="test_get_templates_empty_filter" time="1.078" /><testcase classname="tests.test_text_templates.TestTextTemplatesAPI" name="test_get_templates_filtered_by_doc_type" time="1.031" /><testcase classname="tests.test_text_templates.TestTextTemplatesAPI" name="test_get_templates_filtered_by_text_type" time="1.197" /><testcase classname="tests.test_text_templates.TestTextTemplatesAPI" name="test_create_template_vortext_angebot" time="1.462" /><testcase classname="tests.test_text_templates.TestTextTemplatesAPI" name="test_create_template_schlusstext_rechnung" time="1.434" /><testcase classname="tests.test_text_templates.TestTextTemplatesAPI" name="test_create_template_invalid_doc_type" time="1.053" /><testcase classname="tests.test_text_templates.TestTextTemplatesAPI" name="test_create_template_invalid_text_type" time="1.052" /><testcase classname="tests.test_text_templates.TestTextTemplatesAPI" name="test_update_template" time="2.435" /><testcase classname="tests.test_text_templates.TestTextTemplatesAPI" name="test_update_template_not_found" time="1.047" /><testcase classname="tests.test_text_templates.TestTextTemplatesAPI" name="test_delete_template" time="1.949" /><testcase classname="tests.test_text_templates.TestTextTemplatesAPI" name="test_delete_template_not_found" time="1.081" /><testcase classname="tests.test_text_templates.TestQuotesWithVortextSchlusstext" name="test_create_quote_with_vortext_schlusstext" time="1.974" /><testcase classname="tests.test_text_templates.TestQuotesWithVortextSchlusstext" name="test_update_quote_with_vortext_schlusstext" time="2.708" /><testcase classname="tests.test_text_templates.TestInvoicesWithVortextSchlusstext" name="test_create_invoice_with_vortext_schlusstext" time="2.003" /><testcase classname="tests.test_text_templates.TestInvoicesWithVortextSchlusstext" name="test_update_invoice_with_vortext_schlusstext" time="2.730" /></testsuite></testsuites>