<?xml version="1.0" encoding="utf-8"?><testsuites name="pytest tests"><testsuite name="pytest" errors="0" failures="0" skipped="0" tests="17" time="6.160" timestamp="2026-04-07T06:56:03.488567+00:00" hostname="agent-env-457d5ee8-a354-43df-8dc7-767a6a49d46d"><testcase classname="backend.tests.test_beleg_upload.TestBelegUpload" name="test_upload_pdf_beleg" time="0.808" /><testcase classname="backend.tests.test_beleg_upload.TestBelegUpload" name="test_upload_image_beleg" time="0.394" /><testcase classname="backend.tests.test_beleg_upload.TestBelegUpload" name="test_upload_txt_beleg" time="0.302" /><testcase classname="backend.tests.test_beleg_upload.TestBelegUpload" name="test_upload_excel_beleg" time="0.315" /><testcase classname="backend.tests.test_beleg_upload.TestBelegDownload" name="test_download_beleg" time="0.724" /><testcase classname="backend.tests.test_beleg_upload.TestBelegDownload" name="test_download_nonexistent_beleg_returns_404" time="0.080" /><testcase classname="backend.tests.test_beleg_upload.TestBelegDelete" name="test_delete_beleg" time="0.486" /><testcase classname="backend.tests.test_beleg_upload.TestBelegDelete" name="test_delete_nonexistent_beleg_returns_404" time="0.084" /><testcase classname="backend.tests.test_beleg_upload.TestBelegValidation" name="test_reject_disallowed_extension_exe" time="0.118" /><testcase classname="backend.tests.test_beleg_upload.TestBelegValidation" name="test_reject_disallowed_extension_js" time="0.081" /><testcase classname="backend.tests.test_beleg_upload.TestBelegValidation" name="test_reject_disallowed_extension_php" time="0.084" /><testcase classname="backend.tests.test_beleg_upload.TestBelegValidation" name="test_upload_to_nonexistent_buchung_returns_404" time="0.091" /><testcase classname="backend.tests.test_beleg_upload.TestMultipleBelege" name="test_multiple_belege_per_buchung" time="1.287" /><testcase classname="backend.tests.test_beleg_upload.TestCSVExportWithBelege" name="test_csv_export_includes_belege_column" time="0.861" /><testcase classname="backend.tests.test_beleg_upload.TestBelegAuthRequired" name="test_upload_beleg_requires_auth" time="0.106" /><testcase classname="backend.tests.test_beleg_upload.TestBelegAuthRequired" name="test_download_beleg_requires_auth" time="0.087" /><testcase classname="backend.tests.test_beleg_upload.TestBelegAuthRequired" name="test_delete_beleg_requires_auth" time="0.171" /></testsuite></testsuites>