<?xml version="1.0" encoding="utf-8"?><testsuites name="pytest tests"><testsuite name="pytest" errors="0" failures="0" skipped="0" tests="14" time="13.882" timestamp="2026-03-30T17:24:50.079808+00:00" hostname="agent-env-79157ddc-c8c7-4abe-b22e-00e47a5cb50e"><testcase classname="backend.tests.test_anfragen.TestAnfragenCRUD" name="test_list_anfragen_empty_or_existing" time="1.343" /><testcase classname="backend.tests.test_anfragen.TestAnfragenCRUD" name="test_create_anfrage_via_webhook" time="0.605" /><testcase classname="backend.tests.test_anfragen.TestAnfragenCRUD" name="test_webhook_saves_to_anfragen_not_customers" time="1.602" /><testcase classname="backend.tests.test_anfragen.TestAnfragenCRUD" name="test_anfrage_categories_preserved" time="1.244" /><testcase classname="backend.tests.test_anfragen.TestAnfragenCRUD" name="test_filter_anfragen_by_category" time="1.257" /><testcase classname="backend.tests.test_anfragen.TestAnfragenCRUD" name="test_delete_anfrage" time="1.268" /><testcase classname="backend.tests.test_anfragen.TestAnfragenCRUD" name="test_delete_nonexistent_anfrage" time="0.359" /><testcase classname="backend.tests.test_anfragen.TestAnfrageConversion" name="test_convert_anfrage_to_customer" time="2.000" /><testcase classname="backend.tests.test_anfragen.TestAnfrageConversion" name="test_convert_nonexistent_anfrage" time="0.353" /><testcase classname="backend.tests.test_anfragen.TestDashboardAnfragenStats" name="test_dashboard_stats_includes_anfragen" time="0.375" /><testcase classname="backend.tests.test_anfragen.TestDashboardAnfragenStats" name="test_dashboard_stats_anfragen_count_updates" time="1.939" /><testcase classname="backend.tests.test_anfragen.TestKontaktFormHTML" name="test_kontakt_page_loads" time="0.356" /><testcase classname="backend.tests.test_anfragen.TestCleanup" name="test_cleanup_test_anfragen" time="0.736" /><testcase classname="backend.tests.test_anfragen.TestCleanup" name="test_cleanup_test_customers" time="0.358" /></testsuite></testsuites>