<?xml version="1.0" encoding="utf-8"?><testsuites name="pytest tests"><testsuite name="pytest" errors="0" failures="0" skipped="0" tests="10" time="6.517" timestamp="2026-04-01T06:11:10.991249+00:00" hostname="agent-env-79157ddc-c8c7-4abe-b22e-00e47a5cb50e"><testcase classname="backend.tests.test_distance_calculation.TestDistanceCalculation" name="test_calculate_distance_with_to_address" time="0.776" /><testcase classname="backend.tests.test_distance_calculation.TestDistanceCalculation" name="test_calculate_distance_uses_company_address_from_settings" time="1.047" /><testcase classname="backend.tests.test_distance_calculation.TestDistanceCalculation" name="test_calculate_distance_returns_400_without_company_address" time="0.630" /><testcase classname="backend.tests.test_distance_calculation.TestDistanceCalculation" name="test_calculate_distance_with_explicit_from_address" time="0.849" /><testcase classname="backend.tests.test_distance_calculation.TestDistanceCalculation" name="test_calculate_distance_requires_authentication" time="0.409" /><testcase classname="backend.tests.test_distance_calculation.TestDistanceCalculation" name="test_calculate_distance_invalid_address" time="0.539" /><testcase classname="backend.tests.test_distance_calculation.TestDistanceCalculation" name="test_calculate_distance_missing_to_address" time="0.403" /><testcase classname="backend.tests.test_distance_calculation.TestSettingsForFahrtkosten" name="test_settings_has_fahrtkosten_fields" time="0.388" /><testcase classname="backend.tests.test_distance_calculation.TestSettingsForFahrtkosten" name="test_settings_update_fahrtkosten_fields" time="0.613" /><testcase classname="backend.tests.test_distance_calculation.TestSettingsForFahrtkosten" name="test_distance_calculation_uses_updated_rates" time="0.784" /></testsuite></testsuites>