<?xml version="1.0" encoding="utf-8"?><testsuites name="pytest tests"><testsuite name="pytest" errors="0" failures="0" skipped="0" tests="28" time="5.264" timestamp="2026-04-23T07:01:39.229360+00:00" hostname="agent-env-7452faa1-e76d-4461-8056-a845ce7ab76e"><testcase classname="tests.test_dokumente_v2_phase23" name="test_create_entwurf_all_types[angebot]" time="0.564" /><testcase classname="tests.test_dokumente_v2_phase23" name="test_create_entwurf_all_types[auftrag]" time="0.110" /><testcase classname="tests.test_dokumente_v2_phase23" name="test_create_entwurf_all_types[rechnung]" time="0.106" /><testcase classname="tests.test_dokumente_v2_phase23" name="test_create_entwurf_all_types[gutschrift]" time="0.107" /><testcase classname="tests.test_dokumente_v2_phase23" name="test_list_with_filters" time="0.250" /><testcase classname="tests.test_dokumente_v2_phase23" name="test_get_single" time="0.198" /><testcase classname="tests.test_dokumente_v2_phase23" name="test_update_recalculates_totals" time="0.195" /><testcase classname="tests.test_dokumente_v2_phase23" name="test_totals_multiple_mwst_groups" time="0.099" /><testcase classname="tests.test_dokumente_v2_phase23" name="test_totals_lohn_anteil" time="0.104" /><testcase classname="tests.test_dokumente_v2_phase23" name="test_issue_angebot_format_and_audit" time="0.211" /><testcase classname="tests.test_dokumente_v2_phase23" name="test_issue_rechnung_format" time="0.149" /><testcase classname="tests.test_dokumente_v2_phase23" name="test_gobd_put_issued_rechnung_blocked" time="0.207" /><testcase classname="tests.test_dokumente_v2_phase23" name="test_gobd_put_issued_gutschrift_blocked" time="0.203" /><testcase classname="tests.test_dokumente_v2_phase23" name="test_gobd_put_issued_angebot_allowed" time="0.200" /><testcase classname="tests.test_dokumente_v2_phase23" name="test_gobd_delete_issued_rechnung_blocked" time="0.206" /><testcase classname="tests.test_dokumente_v2_phase23" name="test_gobd_delete_draft_ok" time="0.100" /><testcase classname="tests.test_dokumente_v2_phase23" name="test_gobd_delete_issued_angebot_ok" time="0.155" /><testcase classname="tests.test_dokumente_v2_phase23" name="test_cancel_and_double_cancel" time="0.244" /><testcase classname="tests.test_dokumente_v2_phase23" name="test_pdf_download" time="0.169" /><testcase classname="tests.test_dokumente_v2_phase23" name="test_pdf_rechnung_with_lohn" time="0.209" /><testcase classname="tests.test_dokumente_v2_phase23" name="test_kunden_suche_read_only" time="0.053" /><testcase classname="tests.test_dokumente_v2_phase23" name="test_kunden_suche_with_query" time="0.050" /><testcase classname="tests.test_dokumente_v2_phase23" name="test_counters_list" time="0.050" /><testcase classname="tests.test_dokumente_v2_phase23" name="test_counter_log_list" time="0.052" /><testcase classname="tests.test_dokumente_v2_phase23" name="test_gaps_check" time="0.053" /><testcase classname="tests.test_dokumente_v2_phase23" name="test_settings_get_and_put" time="0.151" /><testcase classname="tests.test_dokumente_v2_phase23" name="test_isolation_no_writes_to_legacy_collections" time="0.206" /><testcase classname="tests.test_dokumente_v2_phase23" name="test_zz_final_cleanup" time="0.691" /></testsuite></testsuites>