<?xml version="1.0" encoding="utf-8"?><testsuites name="pytest tests"><testsuite name="pytest" errors="0" failures="0" skipped="0" tests="21" time="10.160" timestamp="2026-03-30T14:55:08.379664+00:00" hostname="agent-env-4144706f-51cb-412c-88f1-10f0a32aec03"><testcase classname="backend.tests.test_wysiwyg_editor.TestAuth" name="test_login_success" time="0.332" /><testcase classname="backend.tests.test_wysiwyg_editor.TestAuth" name="test_login_invalid_credentials" time="0.326" /><testcase classname="backend.tests.test_wysiwyg_editor.TestCustomers" name="test_list_customers" time="0.398" /><testcase classname="backend.tests.test_wysiwyg_editor.TestCustomers" name="test_get_existing_customer" time="0.494" /><testcase classname="backend.tests.test_wysiwyg_editor.TestQuotes" name="test_list_quotes" time="0.476" /><testcase classname="backend.tests.test_wysiwyg_editor.TestQuotes" name="test_get_existing_quote" time="0.560" /><testcase classname="backend.tests.test_wysiwyg_editor.TestQuotes" name="test_create_quote" time="0.498" /><testcase classname="backend.tests.test_wysiwyg_editor.TestQuotes" name="test_update_quote" time="0.691" /><testcase classname="backend.tests.test_wysiwyg_editor.TestOrders" name="test_list_orders" time="0.394" /><testcase classname="backend.tests.test_wysiwyg_editor.TestOrders" name="test_get_order" time="0.506" /><testcase classname="backend.tests.test_wysiwyg_editor.TestOrders" name="test_update_order" time="0.506" /><testcase classname="backend.tests.test_wysiwyg_editor.TestOrders" name="test_create_order_from_quote" time="0.500" /><testcase classname="backend.tests.test_wysiwyg_editor.TestInvoices" name="test_list_invoices" time="0.489" /><testcase classname="backend.tests.test_wysiwyg_editor.TestInvoices" name="test_create_invoice" time="0.474" /><testcase classname="backend.tests.test_wysiwyg_editor.TestInvoices" name="test_update_invoice" time="0.610" /><testcase classname="backend.tests.test_wysiwyg_editor.TestInvoices" name="test_get_invoice" time="0.550" /><testcase classname="backend.tests.test_wysiwyg_editor.TestServices" name="test_list_services" time="0.395" /><testcase classname="backend.tests.test_wysiwyg_editor.TestArticles" name="test_list_articles" time="0.373" /><testcase classname="backend.tests.test_wysiwyg_editor.TestSettings" name="test_get_settings" time="0.435" /><testcase classname="backend.tests.test_wysiwyg_editor.TestPDFGeneration" name="test_quote_pdf" time="0.510" /><testcase classname="backend.tests.test_wysiwyg_editor.TestPDFGeneration" name="test_order_pdf" time="0.558" /></testsuite></testsuites>