<?xml version="1.0" encoding="utf-8"?><testsuites name="pytest tests"><testsuite name="pytest" errors="0" failures="0" skipped="0" tests="24" time="4.373" timestamp="2026-04-07T06:11:48.504356+00:00" hostname="agent-env-457d5ee8-a354-43df-8dc7-767a6a49d46d"><testcase classname="backend.tests.test_buchhaltung.TestBuchungenCRUD" name="test_get_buchungen_returns_array" time="0.472" /><testcase classname="backend.tests.test_buchhaltung.TestBuchungenCRUD" name="test_get_buchungen_with_zeitraum_filter" time="0.548" /><testcase classname="backend.tests.test_buchhaltung.TestBuchungenCRUD" name="test_get_buchungen_with_typ_filter" time="0.312" /><testcase classname="backend.tests.test_buchhaltung.TestBuchungenCRUD" name="test_create_buchung_ausgabe" time="0.089" /><testcase classname="backend.tests.test_buchhaltung.TestBuchungenCRUD" name="test_create_buchung_einnahme" time="0.105" /><testcase classname="backend.tests.test_buchhaltung.TestBuchungenCRUD" name="test_get_buchung_after_create" time="0.079" /><testcase classname="backend.tests.test_buchhaltung.TestBuchungenCRUD" name="test_update_buchung" time="0.088" /><testcase classname="backend.tests.test_buchhaltung.TestBuchungenCRUD" name="test_update_nonexistent_buchung" time="0.080" /><testcase classname="backend.tests.test_buchhaltung.TestBuchungenCRUD" name="test_delete_buchung_permanent" time="0.176" /><testcase classname="backend.tests.test_buchhaltung.TestBuchungenCRUD" name="test_delete_nonexistent_buchung" time="0.101" /><testcase classname="backend.tests.test_buchhaltung.TestKategorien" name="test_get_kategorien" time="0.111" /><testcase classname="backend.tests.test_buchhaltung.TestKategorien" name="test_update_kategorien" time="0.342" /><testcase classname="backend.tests.test_buchhaltung.TestStatistiken" name="test_get_statistiken" time="0.086" /><testcase classname="backend.tests.test_buchhaltung.TestStatistiken" name="test_get_statistiken_with_zeitraum" time="0.331" /><testcase classname="backend.tests.test_buchhaltung.TestOffenePosten" name="test_get_offene_posten" time="0.090" /><testcase classname="backend.tests.test_buchhaltung.TestZahlungseingang" name="test_zahlungseingang_nonexistent_invoice" time="0.091" /><testcase classname="backend.tests.test_buchhaltung.TestZahlungseingang" name="test_zahlung_rueckgaengig_nonexistent" time="0.090" /><testcase classname="backend.tests.test_buchhaltung.TestZahlungseingang" name="test_zahlungseingang_with_real_invoice" time="0.330" /><testcase classname="backend.tests.test_buchhaltung.TestZahlungseingang" name="test_zahlung_rueckgaengig" time="0.267" /><testcase classname="backend.tests.test_buchhaltung.TestAuthRequired" name="test_buchungen_requires_auth" time="0.090" /><testcase classname="backend.tests.test_buchhaltung.TestAuthRequired" name="test_kategorien_requires_auth" time="0.080" /><testcase classname="backend.tests.test_buchhaltung.TestAuthRequired" name="test_statistiken_requires_auth" time="0.080" /><testcase classname="backend.tests.test_buchhaltung.TestAuthRequired" name="test_offene_posten_requires_auth" time="0.076" /><testcase classname="backend.tests.test_buchhaltung.TestCleanup" name="test_cleanup_test_buchungen" time="0.177" /></testsuite></testsuites>