<?xml version="1.0" encoding="utf-8"?><testsuites name="pytest tests"><testsuite name="pytest" errors="0" failures="0" skipped="0" tests="16" time="25.318" timestamp="2026-04-02T19:57:45.164069+00:00" hostname="agent-env-4156263c-8baf-4e01-91ff-7b73136db230"><testcase classname="tests.test_text_templates.TestTextTemplatesAPI" name="test_get_placeholders" time="1.194" /><testcase classname="tests.test_text_templates.TestTextTemplatesAPI" name="test_get_templates_empty_filter" time="1.192" /><testcase classname="tests.test_text_templates.TestTextTemplatesAPI" name="test_get_templates_filtered_by_doc_type" time="1.031" /><testcase classname="tests.test_text_templates.TestTextTemplatesAPI" name="test_get_templates_filtered_by_text_type" time="1.067" /><testcase classname="tests.test_text_templates.TestTextTemplatesAPI" name="test_create_template_vortext_angebot" time="1.521" /><testcase classname="tests.test_text_templates.TestTextTemplatesAPI" name="test_create_template_schlusstext_rechnung" time="1.807" /><testcase classname="tests.test_text_templates.TestTextTemplatesAPI" name="test_create_template_invalid_doc_type" time="1.049" /><testcase classname="tests.test_text_templates.TestTextTemplatesAPI" name="test_create_template_invalid_text_type" time="1.056" /><testcase classname="tests.test_text_templates.TestTextTemplatesAPI" name="test_update_template" time="2.290" /><testcase classname="tests.test_text_templates.TestTextTemplatesAPI" name="test_update_template_not_found" time="1.055" /><testcase classname="tests.test_text_templates.TestTextTemplatesAPI" name="test_delete_template" time="1.865" /><testcase classname="tests.test_text_templates.TestTextTemplatesAPI" name="test_delete_template_not_found" time="1.056" /><testcase classname="tests.test_text_templates.TestQuotesWithVortextSchlusstext" name="test_create_quote_with_vortext_schlusstext" time="1.845" /><testcase classname="tests.test_text_templates.TestQuotesWithVortextSchlusstext" name="test_update_quote_with_vortext_schlusstext" time="2.638" /><testcase classname="tests.test_text_templates.TestInvoicesWithVortextSchlusstext" name="test_create_invoice_with_vortext_schlusstext" time="1.904" /><testcase classname="tests.test_text_templates.TestInvoicesWithVortextSchlusstext" name="test_update_invoice_with_vortext_schlusstext" time="2.698" /></testsuite></testsuites>