<?xml version="1.0" encoding="utf-8"?><testsuites name="pytest tests"><testsuite name="pytest" errors="0" failures="0" skipped="1" tests="21" time="29.953" timestamp="2026-03-17T12:15:21.956911+00:00" hostname="agent-env-47ddfef1-c225-48fa-8ea7-8f5721dde43b"><testcase classname="backend.tests.test_wysiwyg_editor.TestAuth" name="test_login_success" time="0.927" /><testcase classname="backend.tests.test_wysiwyg_editor.TestAuth" name="test_login_invalid_credentials" time="0.748" /><testcase classname="backend.tests.test_wysiwyg_editor.TestCustomers" name="test_list_customers" time="1.218" /><testcase classname="backend.tests.test_wysiwyg_editor.TestCustomers" name="test_get_existing_customer" time="1.477" /><testcase classname="backend.tests.test_wysiwyg_editor.TestQuotes" name="test_list_quotes" time="1.556" /><testcase classname="backend.tests.test_wysiwyg_editor.TestQuotes" name="test_get_existing_quote" time="1.956" /><testcase classname="backend.tests.test_wysiwyg_editor.TestQuotes" name="test_create_quote" time="1.472" /><testcase classname="backend.tests.test_wysiwyg_editor.TestQuotes" name="test_update_quote" time="2.359" /><testcase classname="backend.tests.test_wysiwyg_editor.TestOrders" name="test_list_orders" time="1.055" /><testcase classname="backend.tests.test_wysiwyg_editor.TestOrders" name="test_get_order" time="1.088" /><testcase classname="backend.tests.test_wysiwyg_editor.TestOrders" name="test_update_order" time="1.066"><skipped type="pytest.skip" message="No orders to update">/app/backend/tests/test_wysiwyg_editor.py:215: No orders to update</skipped></testcase><testcase classname="backend.tests.test_wysiwyg_editor.TestOrders" name="test_create_order_from_quote" time="1.462" /><testcase classname="backend.tests.test_wysiwyg_editor.TestInvoices" name="test_list_invoices" time="1.481" /><testcase classname="backend.tests.test_wysiwyg_editor.TestInvoices" name="test_create_invoice" time="1.473" /><testcase classname="backend.tests.test_wysiwyg_editor.TestInvoices" name="test_update_invoice" time="1.880" /><testcase classname="backend.tests.test_wysiwyg_editor.TestInvoices" name="test_get_invoice" time="2.484" /><testcase classname="backend.tests.test_wysiwyg_editor.TestServices" name="test_list_services" time="1.055" /><testcase classname="backend.tests.test_wysiwyg_editor.TestArticles" name="test_list_articles" time="1.047" /><testcase classname="backend.tests.test_wysiwyg_editor.TestSettings" name="test_get_settings" time="1.125" /><testcase classname="backend.tests.test_wysiwyg_editor.TestPDFGeneration" name="test_quote_pdf" time="1.482" /><testcase classname="backend.tests.test_wysiwyg_editor.TestPDFGeneration" name="test_order_pdf" time="1.460" /></testsuite></testsuites>