<?xml version="1.0" encoding="utf-8"?><testsuites name="pytest tests"><testsuite name="pytest" errors="0" failures="0" skipped="0" tests="18" time="4.183" timestamp="2026-04-15T05:52:54.700579+00:00" hostname="agent-env-7452faa1-e76d-4461-8056-a845ce7ab76e"><testcase classname="backend.tests.test_kunden_modul.TestKundenModulCRUD" name="test_01_get_kunden_list" time="0.584" /><testcase classname="backend.tests.test_kunden_modul.TestKundenModulCRUD" name="test_02_create_kunde" time="0.114" /><testcase classname="backend.tests.test_kunden_modul.TestKundenModulCRUD" name="test_03_get_single_kunde" time="0.107" /><testcase classname="backend.tests.test_kunden_modul.TestKundenModulCRUD" name="test_04_update_kunde" time="0.226" /><testcase classname="backend.tests.test_kunden_modul.TestKundenModulCRUD" name="test_05_export_kunden" time="0.115" /><testcase classname="backend.tests.test_kunden_modul.TestKundenModulCRUD" name="test_06_delete_kunde" time="0.223" /><testcase classname="backend.tests.test_kunden_modul.TestKundenModulVCF" name="test_01_import_vcf" time="0.442" /><testcase classname="backend.tests.test_kunden_modul.TestKundenModulVCF" name="test_02_cleanup_vcf_kunde" time="0.102" /><testcase classname="backend.tests.test_kunden_modul.TestKundenModulFileUpload" name="test_01_create_kunde_for_file_test" time="0.431" /><testcase classname="backend.tests.test_kunden_modul.TestKundenModulFileUpload" name="test_02_upload_file" time="0.261" /><testcase classname="backend.tests.test_kunden_modul.TestKundenModulFileUpload" name="test_03_verify_file_in_kunde" time="0.105" /><testcase classname="backend.tests.test_kunden_modul.TestKundenModulFileUpload" name="test_04_delete_file" time="0.143" /><testcase classname="backend.tests.test_kunden_modul.TestKundenModulFileUpload" name="test_05_verify_file_deleted" time="0.103" /><testcase classname="backend.tests.test_kunden_modul.TestKundenModulFileUpload" name="test_06_cleanup_file_test_kunde" time="0.113" /><testcase classname="backend.tests.test_kunden_modul.TestKundenModulEdgeCases" name="test_get_nonexistent_kunde" time="0.429" /><testcase classname="backend.tests.test_kunden_modul.TestKundenModulEdgeCases" name="test_delete_nonexistent_kunde" time="0.157" /><testcase classname="backend.tests.test_kunden_modul.TestKundenModulEdgeCases" name="test_update_nonexistent_kunde" time="0.110" /><testcase classname="backend.tests.test_kunden_modul.TestKundenModulEdgeCases" name="test_delete_file_invalid_index" time="0.336" /></testsuite></testsuites>