<?xml version="1.0" encoding="utf-8"?><testsuites name="pytest tests"><testsuite name="pytest" errors="0" failures="0" skipped="0" tests="10" time="1.969" timestamp="2026-04-06T15:54:10.660252+00:00" hostname="agent-env-457d5ee8-a354-43df-8dc7-767a6a49d46d"><testcase classname="backend.tests.test_kalk_articles.TestArticlesAPI" name="test_get_articles" time="0.167" /><testcase classname="backend.tests.test_kalk_articles.TestArticlesAPI" name="test_get_articles_by_type_leistung" time="0.134" /><testcase classname="backend.tests.test_kalk_articles.TestArticlesAPI" name="test_get_articles_by_type_artikel" time="0.073" /><testcase classname="backend.tests.test_kalk_articles.TestArticlesAPI" name="test_create_leistung_from_kalk" time="0.202" /><testcase classname="backend.tests.test_kalk_articles.TestArticlesAPI" name="test_create_artikel_from_kalk" time="0.213" /><testcase classname="backend.tests.test_kalk_articles.TestArticlesAPI" name="test_update_article_stammdaten" time="0.338" /><testcase classname="backend.tests.test_kalk_articles.TestKalkulationAPI" name="test_save_kalkulation_history" time="0.512" /><testcase classname="backend.tests.test_kalk_articles.TestKalkulationAPI" name="test_get_kalkulation_nonexistent" time="0.093" /><testcase classname="backend.tests.test_kalk_articles.TestKalkulationAPI" name="test_get_latest_kalkulation_nonexistent" time="0.077" /><testcase classname="backend.tests.test_kalk_articles.TestQuotesAPI" name="test_get_quote" time="0.086" /></testsuite></testsuites>