<?xml version="1.0" encoding="utf-8"?><testsuites name="pytest tests"><testsuite name="pytest" errors="0" failures="0" skipped="0" tests="16" time="3.004" timestamp="2026-04-07T05:51:25.001417+00:00" hostname="agent-env-457d5ee8-a354-43df-8dc7-767a6a49d46d"><testcase classname="backend.tests.test_email_new_features.TestEmailLogDelete" name="test_delete_email_log_success" time="0.430" /><testcase classname="backend.tests.test_email_new_features.TestEmailLogDelete" name="test_delete_nonexistent_log_returns_404" time="0.084" /><testcase classname="backend.tests.test_email_new_features.TestEmailLogDelete" name="test_delete_log_requires_auth" time="0.094" /><testcase classname="backend.tests.test_email_new_features.TestEmailCheckAddress" name="test_check_address_returns_structure" time="0.091" /><testcase classname="backend.tests.test_email_new_features.TestEmailCheckAddress" name="test_check_address_finds_existing_customer" time="0.177" /><testcase classname="backend.tests.test_email_new_features.TestEmailCheckAddress" name="test_check_address_finds_existing_anfrage" time="0.150" /><testcase classname="backend.tests.test_email_new_features.TestEmailCheckAddress" name="test_check_address_not_found" time="0.080" /><testcase classname="backend.tests.test_email_new_features.TestEmailCheckAddress" name="test_check_address_empty_email_returns_400" time="0.074" /><testcase classname="backend.tests.test_email_new_features.TestEmailCheckAddress" name="test_check_address_requires_auth" time="0.089" /><testcase classname="backend.tests.test_email_new_features.TestEmailResend" name="test_resend_email_endpoint_exists" time="0.090" /><testcase classname="backend.tests.test_email_new_features.TestEmailResend" name="test_resend_email_requires_email_and_message" time="0.164" /><testcase classname="backend.tests.test_email_new_features.TestEmailResend" name="test_resend_email_requires_auth" time="0.088" /><testcase classname="backend.tests.test_email_new_features.TestAnfragenStatusCycle" name="test_anfragen_have_bearbeitungsstatus_field" time="0.090" /><testcase classname="backend.tests.test_email_new_features.TestAnfragenStatusCycle" name="test_update_anfrage_status_to_gelesen" time="0.243" /><testcase classname="backend.tests.test_email_new_features.TestAnfragenStatusCycle" name="test_update_anfrage_status_cycle" time="0.768" /><testcase classname="backend.tests.test_email_new_features.TestAnfragenStatusCycle" name="test_anfragen_filter_by_status" time="0.222" /></testsuite></testsuites>