<?xml version="1.0" encoding="utf-8"?><testsuites name="pytest tests"><testsuite name="pytest" errors="0" failures="0" skipped="0" tests="15" time="4.069" timestamp="2026-04-05T17:36:05.355707+00:00" hostname="agent-env-457d5ee8-a354-43df-8dc7-767a6a49d46d"><testcase classname="backend.tests.test_reparaturgruppen_v20.TestEinsatzReparaturgruppen" name="test_create_einsatz_with_reparaturgruppen_array" time="0.497" /><testcase classname="backend.tests.test_reparaturgruppen_v20.TestEinsatzReparaturgruppen" name="test_get_einsatz_returns_reparaturgruppen_array" time="0.103" /><testcase classname="backend.tests.test_reparaturgruppen_v20.TestEinsatzReparaturgruppen" name="test_update_einsatz_reparaturgruppen" time="0.239" /><testcase classname="backend.tests.test_reparaturgruppen_v20.TestEinsatzReparaturgruppen" name="test_list_einsaetze_returns_reparaturgruppen" time="0.118" /><testcase classname="backend.tests.test_reparaturgruppen_v20.TestEinsatzReparaturgruppen" name="test_delete_test_einsatz" time="0.093" /><testcase classname="backend.tests.test_reparaturgruppen_v20.TestAnfragenReparaturgruppen" name="test_list_anfragen_returns_reparaturgruppen" time="0.483" /><testcase classname="backend.tests.test_reparaturgruppen_v20.TestAnfragenReparaturgruppen" name="test_update_anfrage_with_reparaturgruppen_array" time="0.245" /><testcase classname="backend.tests.test_reparaturgruppen_v20.TestAnfragenReparaturgruppen" name="test_verify_anfrage_reparaturgruppen_persisted" time="0.105" /><testcase classname="backend.tests.test_reparaturgruppen_v20.TestEinsatzConfigReparaturgruppen" name="test_get_config_returns_reparaturgruppen" time="0.422" /><testcase classname="backend.tests.test_reparaturgruppen_v20.TestEinsatzConfigReparaturgruppen" name="test_update_config_reparaturgruppen" time="0.438" /><testcase classname="backend.tests.test_reparaturgruppen_v20.TestBackwardCompatibility" name="test_einsatz_with_empty_reparaturgruppen" time="0.506" /><testcase classname="backend.tests.test_reparaturgruppen_v20.TestBackwardCompatibility" name="test_einsatz_with_single_reparaturgruppe" time="0.174" /><testcase classname="backend.tests.test_reparaturgruppen_v20.TestEinsatzDialogFeatures" name="test_create_einsatz_with_termin_text" time="0.402" /><testcase classname="backend.tests.test_reparaturgruppen_v20.TestEinsatzDialogFeatures" name="test_update_einsatz_termin_text" time="0.079" /><testcase classname="backend.tests.test_reparaturgruppen_v20.TestEinsatzDialogFeatures" name="test_cleanup_termin_einsatz" time="0.096" /></testsuite></testsuites>