<?xml version="1.0" encoding="utf-8"?><testsuites name="pytest tests"><testsuite name="pytest" errors="0" failures="0" skipped="0" tests="15" time="2.908" timestamp="2026-03-31T07:41:14.676006+00:00" hostname="agent-env-79157ddc-c8c7-4abe-b22e-00e47a5cb50e"><testcase classname="backend.tests.test_new_features.TestMahnwesen" name="test_get_overdue_invoices_endpoint" time="0.419" /><testcase classname="backend.tests.test_new_features.TestMahnwesen" name="test_advance_dunning_level" time="0.255" /><testcase classname="backend.tests.test_new_features.TestMahnwesen" name="test_dunning_level_max_3" time="0.389" /><testcase classname="backend.tests.test_new_features.TestMahnwesen" name="test_dunning_pdf_generation" time="0.170" /><testcase classname="backend.tests.test_new_features.TestDashboardCharts" name="test_dashboard_stats_monthly_data" time="0.102" /><testcase classname="backend.tests.test_new_features.TestDashboardCharts" name="test_dashboard_stats_invoice_statuses" time="0.105" /><testcase classname="backend.tests.test_new_features.TestDashboardCharts" name="test_dashboard_stats_overdue_count" time="0.095" /><testcase classname="backend.tests.test_new_features.TestEKPreise" name="test_create_article_with_purchase_price" time="0.162" /><testcase classname="backend.tests.test_new_features.TestEKPreise" name="test_create_service_with_purchase_price" time="0.185" /><testcase classname="backend.tests.test_new_features.TestEKPreise" name="test_get_articles_returns_purchase_price" time="0.073" /><testcase classname="backend.tests.test_new_features.TestEKPreise" name="test_get_services_returns_purchase_price" time="0.096" /><testcase classname="backend.tests.test_new_features.TestEKPreise" name="test_update_article_purchase_price" time="0.223" /><testcase classname="backend.tests.test_new_features.TestPDFGeneration" name="test_quote_pdf_generation" time="0.170" /><testcase classname="backend.tests.test_new_features.TestPDFGeneration" name="test_invoice_pdf_generation" time="0.149" /><testcase classname="backend.tests.test_new_features.TestInvoiceOverdueIntegration" name="test_overdue_invoice_workflow" time="0.252" /></testsuite></testsuites>