<?xml version="1.0" encoding="utf-8"?><testsuites name="pytest tests"><testsuite name="pytest" errors="0" failures="0" skipped="0" tests="10" time="5.764" timestamp="2026-03-30T14:54:57.426360+00:00" hostname="agent-env-4144706f-51cb-412c-88f1-10f0a32aec03"><testcase classname="backend.tests.test_templates_suggestions.TestDocumentSuggestions" name="test_get_suggestions_for_quote" time="0.755" /><testcase classname="backend.tests.test_templates_suggestions.TestDocumentSuggestions" name="test_get_suggestions_with_customer_id" time="0.508" /><testcase classname="backend.tests.test_templates_suggestions.TestDocumentSuggestions" name="test_get_suggestions_with_current_positions" time="0.513" /><testcase classname="backend.tests.test_templates_suggestions.TestDocumentSuggestions" name="test_get_suggestions_for_order" time="0.471" /><testcase classname="backend.tests.test_templates_suggestions.TestDocumentSuggestions" name="test_get_suggestions_for_invoice" time="0.521" /><testcase classname="backend.tests.test_templates_suggestions.TestToggleTemplate" name="test_toggle_quote_template" time="0.614" /><testcase classname="backend.tests.test_templates_suggestions.TestToggleTemplate" name="test_toggle_order_template" time="0.595" /><testcase classname="backend.tests.test_templates_suggestions.TestToggleTemplate" name="test_toggle_invoice_template" time="0.614" /><testcase classname="backend.tests.test_templates_suggestions.TestToggleTemplate" name="test_toggle_nonexistent_document" time="0.400" /><testcase classname="backend.tests.test_templates_suggestions.TestTemplateInSuggestions" name="test_template_appears_in_suggestions" time="0.710" /></testsuite></testsuites>