<?xml version="1.0" encoding="utf-8"?><testsuites name="pytest tests"><testsuite name="pytest" errors="0" failures="0" skipped="0" tests="12" time="7.758" timestamp="2026-04-01T05:10:58.163759+00:00" hostname="agent-env-79157ddc-c8c7-4abe-b22e-00e47a5cb50e"><testcase classname="backend.tests.test_email_log.TestEmailLog" name="test_get_email_log_returns_list" time="0.425" /><testcase classname="backend.tests.test_email_log.TestEmailLog" name="test_email_log_entries_have_required_fields" time="0.426" /><testcase classname="backend.tests.test_email_log.TestEmailLog" name="test_email_log_sorted_by_date_descending" time="0.395" /><testcase classname="backend.tests.test_email_log.TestEmailLog" name="test_email_log_requires_auth" time="0.373" /><testcase classname="backend.tests.test_email_log.TestEmailLog" name="test_get_email_log_for_document" time="0.477" /><testcase classname="backend.tests.test_email_log.TestEmailLog" name="test_email_log_for_document_requires_auth" time="0.392" /><testcase classname="backend.tests.test_email_log.TestEmailLog" name="test_email_log_for_nonexistent_document" time="0.392" /><testcase classname="backend.tests.test_email_log.TestEmailLogCreation" name="test_email_document_creates_log_entry" time="1.749" /><testcase classname="backend.tests.test_email_log.TestEmailLogCreation" name="test_email_dunning_creates_log_entry" time="1.698" /><testcase classname="backend.tests.test_email_log.TestEmailLogIntegration" name="test_email_log_contains_existing_entries" time="0.408" /><testcase classname="backend.tests.test_email_log.TestEmailLogIntegration" name="test_email_log_for_quote" time="0.491" /><testcase classname="backend.tests.test_email_log.TestEmailLogIntegration" name="test_email_log_for_order" time="0.471" /></testsuite></testsuites>