<?xml version="1.0" encoding="utf-8"?><testsuites name="pytest tests"><testsuite name="pytest" errors="0" failures="0" skipped="0" tests="30" time="4.373" timestamp="2026-04-18T03:12:15.513647+00:00" hostname="agent-env-7452faa1-e76d-4461-8056-a845ce7ab76e"><testcase classname="backend.tests.test_buchhaltung_invoices_v42.TestBuchhaltungKategorien" name="test_get_kategorien" time="0.498" /><testcase classname="backend.tests.test_buchhaltung_invoices_v42.TestBuchhaltungStatistiken" name="test_get_statistiken_jahr" time="0.140" /><testcase classname="backend.tests.test_buchhaltung_invoices_v42.TestBuchhaltungStatistiken" name="test_get_statistiken_monat" time="0.111" /><testcase classname="backend.tests.test_buchhaltung_invoices_v42.TestBuchhaltungStatistiken" name="test_get_statistiken_quartal" time="0.113" /><testcase classname="backend.tests.test_buchhaltung_invoices_v42.TestBuchhaltungBuchungen" name="test_get_buchungen_alle" time="0.117" /><testcase classname="backend.tests.test_buchhaltung_invoices_v42.TestBuchhaltungBuchungen" name="test_create_buchung_einnahme" time="0.162" /><testcase classname="backend.tests.test_buchhaltung_invoices_v42.TestBuchhaltungBuchungen" name="test_create_buchung_ausgabe" time="0.104" /><testcase classname="backend.tests.test_buchhaltung_invoices_v42.TestBuchhaltungBuchungen" name="test_update_buchung" time="0.108" /><testcase classname="backend.tests.test_buchhaltung_invoices_v42.TestBuchhaltungBuchungen" name="test_delete_buchung" time="0.109" /><testcase classname="backend.tests.test_buchhaltung_invoices_v42.TestBuchhaltungKassenbuch" name="test_get_kassenbuch" time="0.103" /><testcase classname="backend.tests.test_buchhaltung_invoices_v42.TestBuchhaltungMonatsabschluss" name="test_get_monatsabschluss" time="0.104" /><testcase classname="backend.tests.test_buchhaltung_invoices_v42.TestBuchhaltungExport" name="test_export_csv" time="0.107" /><testcase classname="backend.tests.test_buchhaltung_invoices_v42.TestBuchhaltungOffenePosten" name="test_get_offene_posten" time="0.108" /><testcase classname="backend.tests.test_buchhaltung_invoices_v42.TestBuchhaltungPlausibilitaet" name="test_plausibilitaet_valid" time="0.111" /><testcase classname="backend.tests.test_buchhaltung_invoices_v42.TestBuchhaltungPlausibilitaet" name="test_plausibilitaet_missing_kategorie" time="0.125" /><testcase classname="backend.tests.test_buchhaltung_invoices_v42.TestInvoicesList" name="test_get_invoices" time="0.113" /><testcase classname="backend.tests.test_buchhaltung_invoices_v42.TestInvoicesOverdue" name="test_get_overdue_invoices" time="0.110" /><testcase classname="backend.tests.test_buchhaltung_invoices_v42.TestInvoicesOverdue" name="test_get_due_soon_invoices" time="0.105" /><testcase classname="backend.tests.test_buchhaltung_invoices_v42.TestInvoicesCRUD" name="test_create_invoice" time="0.252" /><testcase classname="backend.tests.test_buchhaltung_invoices_v42.TestInvoicesCRUD" name="test_get_invoice_by_id" time="0.142" /><testcase classname="backend.tests.test_buchhaltung_invoices_v42.TestInvoicesCRUD" name="test_update_invoice_status" time="0.254" /><testcase classname="backend.tests.test_buchhaltung_invoices_v42.TestInvoicesCRUD" name="test_update_invoice_status_back_to_offen" time="0.107" /><testcase classname="backend.tests.test_buchhaltung_invoices_v42.TestInvoicesDunning" name="test_advance_dunning_level_1" time="0.110" /><testcase classname="backend.tests.test_buchhaltung_invoices_v42.TestInvoicesDunning" name="test_advance_dunning_level_2" time="0.122" /><testcase classname="backend.tests.test_buchhaltung_invoices_v42.TestInvoicesDunning" name="test_advance_dunning_level_3" time="0.131" /><testcase classname="backend.tests.test_buchhaltung_invoices_v42.TestInvoicesDunning" name="test_verify_dunning_history" time="0.116" /><testcase classname="backend.tests.test_buchhaltung_invoices_v42.TestInvoicesCleanup" name="test_delete_test_invoice" time="0.140" /><testcase classname="backend.tests.test_buchhaltung_invoices_v42.TestBuchhaltungCleanup" name="test_cleanup_test_buchungen" time="0.242" /><testcase classname="backend.tests.test_buchhaltung_invoices_v42.TestNavigation" name="test_buchhaltung_route_accessible" time="0.137" /><testcase classname="backend.tests.test_buchhaltung_invoices_v42.TestNavigation" name="test_invoices_route_accessible" time="0.106" /></testsuite></testsuites>